{"/home/akshay/Assignments/vessify/backend/src/index.ts": {"path":"/home/akshay/Assignments/vessify/backend/src/index.ts","statementMap":{"0":{"start":{"line":12,"column":0},"end":{"line":14,"column":1}},"1":{"start":{"line":13,"column":2},"end":{"line":13,"column":null}},"2":{"start":{"line":16,"column":12},"end":{"line":16,"column":22}},"3":{"start":{"line":19,"column":0},"end":{"line":24,"column":null}},"4":{"start":{"line":27,"column":0},"end":{"line":30,"column":null}},"5":{"start":{"line":33,"column":0},"end":{"line":33,"column":null}},"6":{"start":{"line":34,"column":0},"end":{"line":34,"column":null}},"7":{"start":{"line":35,"column":0},"end":{"line":35,"column":null}},"8":{"start":{"line":37,"column":0},"end":{"line":39,"column":null}},"9":{"start":{"line":38,"column":2},"end":{"line":38,"column":null}},"10":{"start":{"line":41,"column":0},"end":{"line":44,"column":null}},"11":{"start":{"line":42,"column":13},"end":{"line":42,"column":30}},"12":{"start":{"line":43,"column":2},"end":{"line":43,"column":null}},"13":{"start":{"line":46,"column":0},"end":{"line":49,"column":null}},"14":{"start":{"line":51,"column":0},"end":{"line":51,"column":null}}},"fnMap":{"0":{"name":"(anonymous_0)","decl":{"start":{"line":37,"column":13},"end":{"line":37,"column":14}},"loc":{"start":{"line":37,"column":19},"end":{"line":39,"column":1}}},"1":{"name":"(anonymous_1)","decl":{"start":{"line":41,"column":22},"end":{"line":41,"column":23}},"loc":{"start":{"line":41,"column":28},"end":{"line":44,"column":1}}}},"branchMap":{"0":{"loc":{"start":{"line":12,"column":0},"end":{"line":14,"column":1}},"type":"if","locations":[{"start":{"line":12,"column":0},"end":{"line":14,"column":1}},{"start":{},"end":{}}]}},"s":{"0":0,"1":0,"2":0,"3":0,"4":0,"5":0,"6":0,"7":0,"8":0,"9":0,"10":0,"11":0,"12":0,"13":0,"14":0},"f":{"0":0,"1":0},"b":{"0":[0,0]}}
,"/home/akshay/Assignments/vessify/backend/src/lib/auth.ts": {"path":"/home/akshay/Assignments/vessify/backend/src/lib/auth.ts","statementMap":{"0":{"start":{"line":7,"column":0},"end":{"line":9,"column":1}},"1":{"start":{"line":8,"column":2},"end":{"line":8,"column":null}},"2":{"start":{"line":10,"column":0},"end":{"line":12,"column":1}},"3":{"start":{"line":11,"column":2},"end":{"line":11,"column":null}},"4":{"start":{"line":13,"column":0},"end":{"line":15,"column":1}},"5":{"start":{"line":14,"column":2},"end":{"line":14,"column":null}},"6":{"start":{"line":17,"column":20},"end":{"line":44,"column":2}},"7":{"start":{"line":26,"column":6},"end":{"line":26,"column":null}},"8":{"start":{"line":32,"column":6},"end":{"line":32,"column":null}}},"fnMap":{"0":{"name":"(anonymous_0)","decl":{"start":{"line":24,"column":23},"end":{"line":24,"column":28}},"loc":{"start":{"line":24,"column":47},"end":{"line":27,"column":5}}},"1":{"name":"(anonymous_1)","decl":{"start":{"line":30,"column":27},"end":{"line":30,"column":32}},"loc":{"start":{"line":30,"column":58},"end":{"line":33,"column":5}}}},"branchMap":{"0":{"loc":{"start":{"line":7,"column":0},"end":{"line":9,"column":1}},"type":"if","locations":[{"start":{"line":7,"column":0},"end":{"line":9,"column":1}},{"start":{},"end":{}}]},"1":{"loc":{"start":{"line":10,"column":0},"end":{"line":12,"column":1}},"type":"if","locations":[{"start":{"line":10,"column":0},"end":{"line":12,"column":1}},{"start":{},"end":{}}]},"2":{"loc":{"start":{"line":13,"column":0},"end":{"line":15,"column":1}},"type":"if","locations":[{"start":{"line":13,"column":0},"end":{"line":15,"column":1}},{"start":{},"end":{}}]}},"s":{"0":1,"1":0,"2":1,"3":0,"4":1,"5":0,"6":1,"7":0,"8":12},"f":{"0":0,"1":12},"b":{"0":[0,1],"1":[0,1],"2":[0,1]}}
,"/home/akshay/Assignments/vessify/backend/src/lib/bedrock.ts": {"path":"/home/akshay/Assignments/vessify/backend/src/lib/bedrock.ts","statementMap":{"0":{"start":{"line":8,"column":15},"end":{"line":14,"column":2}},"1":{"start":{"line":32,"column":2},"end":{"line":158,"column":3}},"2":{"start":{"line":34,"column":19},"end":{"line":72,"column":null}},"3":{"start":{"line":76,"column":20},"end":{"line":76,"column":70}},"4":{"start":{"line":78,"column":20},"end":{"line":88,"column":null}},"5":{"start":{"line":90,"column":20},"end":{"line":95,"column":6}},"6":{"start":{"line":98,"column":21},"end":{"line":98,"column":47}},"7":{"start":{"line":99,"column":25},"end":{"line":99,"column":76}},"8":{"start":{"line":102,"column":25},"end":{"line":102,"column":60}},"9":{"start":{"line":106,"column":4},"end":{"line":123,"column":5}},"10":{"start":{"line":108,"column":6},"end":{"line":108,"column":null}},"11":{"start":{"line":111,"column":24},"end":{"line":111,"column":81}},"12":{"start":{"line":112,"column":6},"end":{"line":122,"column":7}},"13":{"start":{"line":113,"column":8},"end":{"line":113,"column":null}},"14":{"start":{"line":116,"column":32},"end":{"line":116,"column":65}},"15":{"start":{"line":117,"column":8},"end":{"line":121,"column":9}},"16":{"start":{"line":118,"column":10},"end":{"line":118,"column":null}},"17":{"start":{"line":120,"column":10},"end":{"line":120,"column":null}},"18":{"start":{"line":126,"column":41},"end":{"line":143,"column":null}},"19":{"start":{"line":145,"column":4},"end":{"line":145,"column":null}},"20":{"start":{"line":147,"column":4},"end":{"line":147,"column":null}},"21":{"start":{"line":150,"column":4},"end":{"line":157,"column":null}},"22":{"start":{"line":165,"column":2},"end":{"line":169,"column":null}}},"fnMap":{"0":{"name":"extractTransactionWithBedrock","decl":{"start":{"line":29,"column":22},"end":{"line":29,"column":51}},"loc":{"start":{"line":30,"column":14},"end":{"line":159,"column":1}}},"1":{"name":"isBedrockConfigured","decl":{"start":{"line":164,"column":16},"end":{"line":164,"column":35}},"loc":{"start":{"line":164,"column":35},"end":{"line":170,"column":1}}}},"branchMap":{"0":{"loc":{"start":{"line":9,"column":10},"end":{"line":9,"column":48}},"type":"binary-expr","locations":[{"start":{"line":9,"column":10},"end":{"line":9,"column":32}},{"start":{"line":9,"column":36},"end":{"line":9,"column":48}}]},"1":{"loc":{"start":{"line":11,"column":17},"end":{"line":11,"column":52}},"type":"binary-expr","locations":[{"start":{"line":11,"column":17},"end":{"line":11,"column":46}},{"start":{"line":11,"column":50},"end":{"line":11,"column":52}}]},"2":{"loc":{"start":{"line":12,"column":21},"end":{"line":12,"column":60}},"type":"binary-expr","locations":[{"start":{"line":12,"column":21},"end":{"line":12,"column":54}},{"start":{"line":12,"column":58},"end":{"line":12,"column":60}}]},"3":{"loc":{"start":{"line":112,"column":6},"end":{"line":122,"column":7}},"type":"if","locations":[{"start":{"line":112,"column":6},"end":{"line":122,"column":7}},{"start":{"line":114,"column":13},"end":{"line":122,"column":7}}]},"4":{"loc":{"start":{"line":117,"column":8},"end":{"line":121,"column":9}},"type":"if","locations":[{"start":{"line":117,"column":8},"end":{"line":121,"column":9}},{"start":{"line":119,"column":15},"end":{"line":121,"column":9}}]},"5":{"loc":{"start":{"line":128,"column":8},"end":{"line":130,"column":16}},"type":"cond-expr","locations":[{"start":{"line":129,"column":12},"end":{"line":129,"column":38}},{"start":{"line":130,"column":12},"end":{"line":130,"column":16}}]},"6":{"loc":{"start":{"line":128,"column":8},"end":{"line":128,"column":72}},"type":"binary-expr","locations":[{"start":{"line":128,"column":8},"end":{"line":128,"column":44}},{"start":{"line":128,"column":48},"end":{"line":128,"column":72}}]},"7":{"loc":{"start":{"line":131,"column":12},"end":{"line":131,"column":34}},"type":"binary-expr","locations":[{"start":{"line":131,"column":12},"end":{"line":131,"column":26}},{"start":{"line":131,"column":30},"end":{"line":131,"column":34}}]},"8":{"loc":{"start":{"line":132,"column":19},"end":{"line":134,"column":14}},"type":"cond-expr","locations":[{"start":{"line":133,"column":10},"end":{"line":133,"column":49}},{"start":{"line":134,"column":10},"end":{"line":134,"column":14}}]},"9":{"loc":{"start":{"line":135,"column":16},"end":{"line":135,"column":42}},"type":"binary-expr","locations":[{"start":{"line":135,"column":16},"end":{"line":135,"column":34}},{"start":{"line":135,"column":38},"end":{"line":135,"column":42}}]},"10":{"loc":{"start":{"line":137,"column":8},"end":{"line":141,"column":15}},"type":"cond-expr","locations":[{"start":{"line":140,"column":12},"end":{"line":140,"column":32}},{"start":{"line":141,"column":12},"end":{"line":141,"column":15}}]},"11":{"loc":{"start":{"line":137,"column":8},"end":{"line":139,"column":33}},"type":"binary-expr","locations":[{"start":{"line":137,"column":8},"end":{"line":137,"column":48}},{"start":{"line":138,"column":8},"end":{"line":138,"column":33}},{"start":{"line":139,"column":8},"end":{"line":139,"column":33}}]},"12":{"loc":{"start":{"line":156,"column":39},"end":{"line":156,"column":95}},"type":"cond-expr","locations":[{"start":{"line":156,"column":64},"end":{"line":156,"column":77}},{"start":{"line":156,"column":80},"end":{"line":156,"column":95}}]},"13":{"loc":{"start":{"line":166,"column":4},"end":{"line":168,"column":37}},"type":"binary-expr","locations":[{"start":{"line":166,"column":4},"end":{"line":166,"column":26}},{"start":{"line":167,"column":4},"end":{"line":167,"column":33}},{"start":{"line":168,"column":4},"end":{"line":168,"column":37}}]}},"s":{"0":1,"1":6,"2":6,"3":6,"4":6,"5":6,"6":6,"7":6,"8":6,"9":6,"10":6,"11":6,"12":6,"13":6,"14":0,"15":0,"16":0,"17":0,"18":6,"19":6,"20":0,"21":0,"22":6},"f":{"0":6,"1":6},"b":{"0":[1,0],"1":[1,0],"2":[1,0],"3":[6,0],"4":[0,0],"5":[5,1],"6":[6,5],"7":[6,4],"8":[6,0],"9":[6,2],"10":[6,0],"11":[6,6,6],"12":[0,0],"13":[6,6,6]}}
,"/home/akshay/Assignments/vessify/backend/src/lib/db.ts": {"path":"/home/akshay/Assignments/vessify/backend/src/lib/db.ts","statementMap":{"0":{"start":{"line":7,"column":0},"end":{"line":7,"column":null}},"1":{"start":{"line":10,"column":0},"end":{"line":12,"column":1}},"2":{"start":{"line":11,"column":2},"end":{"line":11,"column":null}},"3":{"start":{"line":15,"column":13},"end":{"line":15,"column":72}},"4":{"start":{"line":18,"column":22},"end":{"line":21,"column":2}}},"fnMap":{},"branchMap":{"0":{"loc":{"start":{"line":10,"column":0},"end":{"line":12,"column":1}},"type":"if","locations":[{"start":{"line":10,"column":0},"end":{"line":12,"column":1}},{"start":{},"end":{}}]},"1":{"loc":{"start":{"line":20,"column":7},"end":{"line":20,"column":86}},"type":"cond-expr","locations":[{"start":{"line":20,"column":48},"end":{"line":20,"column":74}},{"start":{"line":20,"column":77},"end":{"line":20,"column":86}}]}},"s":{"0":3,"1":3,"2":0,"3":3,"4":3},"f":{},"b":{"0":[0,3],"1":[0,3]}}
,"/home/akshay/Assignments/vessify/backend/src/lib/email.ts": {"path":"/home/akshay/Assignments/vessify/backend/src/lib/email.ts","statementMap":{"0":{"start":{"line":4,"column":0},"end":{"line":6,"column":1}},"1":{"start":{"line":5,"column":2},"end":{"line":5,"column":null}},"2":{"start":{"line":7,"column":0},"end":{"line":9,"column":1}},"3":{"start":{"line":8,"column":2},"end":{"line":8,"column":null}},"4":{"start":{"line":10,"column":0},"end":{"line":12,"column":1}},"5":{"start":{"line":11,"column":2},"end":{"line":11,"column":null}},"6":{"start":{"line":15,"column":18},"end":{"line":21,"column":2}},"7":{"start":{"line":36,"column":2},"end":{"line":38,"column":3}},"8":{"start":{"line":37,"column":4},"end":{"line":37,"column":null}},"9":{"start":{"line":40,"column":17},"end":{"line":63,"column":null}},"10":{"start":{"line":65,"column":2},"end":{"line":73,"column":3}},"11":{"start":{"line":66,"column":20},"end":{"line":66,"column":48}},"12":{"start":{"line":67,"column":21},"end":{"line":67,"column":50}},"13":{"start":{"line":68,"column":4},"end":{"line":68,"column":null}},"14":{"start":{"line":69,"column":4},"end":{"line":69,"column":null}},"15":{"start":{"line":71,"column":4},"end":{"line":71,"column":null}},"16":{"start":{"line":72,"column":4},"end":{"line":72,"column":null}},"17":{"start":{"line":88,"column":26},"end":{"line":88,"column":70}},"18":{"start":{"line":90,"column":15},"end":{"line":115,"column":null}},"19":{"start":{"line":117,"column":15},"end":{"line":126,"column":null}},"20":{"start":{"line":128,"column":2},"end":{"line":133,"column":null}}},"fnMap":{"0":{"name":"sendEmail","decl":{"start":{"line":35,"column":22},"end":{"line":35,"column":31}},"loc":{"start":{"line":35,"column":76},"end":{"line":74,"column":1}}},"1":{"name":"sendVerificationEmail","decl":{"start":{"line":82,"column":22},"end":{"line":82,"column":43}},"loc":{"start":{"line":85,"column":21},"end":{"line":134,"column":1}}}},"branchMap":{"0":{"loc":{"start":{"line":4,"column":0},"end":{"line":6,"column":1}},"type":"if","locations":[{"start":{"line":4,"column":0},"end":{"line":6,"column":1}},{"start":{},"end":{}}]},"1":{"loc":{"start":{"line":7,"column":0},"end":{"line":9,"column":1}},"type":"if","locations":[{"start":{"line":7,"column":0},"end":{"line":9,"column":1}},{"start":{},"end":{}}]},"2":{"loc":{"start":{"line":10,"column":0},"end":{"line":12,"column":1}},"type":"if","locations":[{"start":{"line":10,"column":0},"end":{"line":12,"column":1}},{"start":{},"end":{}}]},"3":{"loc":{"start":{"line":36,"column":2},"end":{"line":38,"column":3}},"type":"if","locations":[{"start":{"line":36,"column":2},"end":{"line":38,"column":3}},{"start":{},"end":{}}]},"4":{"loc":{"start":{"line":55,"column":12},"end":{"line":60,"column":10}},"type":"binary-expr","locations":[{"start":{"line":55,"column":12},"end":{"line":55,"column":16}},{"start":{"line":55,"column":20},"end":{"line":60,"column":10}}]}},"s":{"0":1,"1":0,"2":1,"3":0,"4":1,"5":0,"6":1,"7":12,"8":0,"9":12,"10":12,"11":12,"12":12,"13":12,"14":12,"15":0,"16":0,"17":12,"18":12,"19":12,"20":12},"f":{"0":12,"1":12},"b":{"0":[0,1],"1":[0,1],"2":[0,1],"3":[0,12],"4":[12,12]}}
,"/home/akshay/Assignments/vessify/backend/src/lib/organization.ts": {"path":"/home/akshay/Assignments/vessify/backend/src/lib/organization.ts","statementMap":{"0":{"start":{"line":15,"column":59},"end":{"line":15,"column":65}},"1":{"start":{"line":18,"column":23},"end":{"line":45,"column":4}},"2":{"start":{"line":47,"column":2},"end":{"line":47,"column":null}},"3":{"start":{"line":58,"column":54},"end":{"line":58,"column":60}},"4":{"start":{"line":60,"column":17},"end":{"line":77,"column":4}},"5":{"start":{"line":79,"column":2},"end":{"line":79,"column":null}},"6":{"start":{"line":89,"column":37},"end":{"line":89,"column":43}},"7":{"start":{"line":91,"column":2},"end":{"line":98,"column":null}},"8":{"start":{"line":109,"column":43},"end":{"line":109,"column":49}},"9":{"start":{"line":111,"column":17},"end":{"line":131,"column":4}},"10":{"start":{"line":133,"column":2},"end":{"line":133,"column":null}},"11":{"start":{"line":140,"column":22},"end":{"line":150,"column":4}},"12":{"start":{"line":152,"column":2},"end":{"line":155,"column":null}},"13":{"start":{"line":152,"column":33},"end":{"line":155,"column":4}},"14":{"start":{"line":162,"column":18},"end":{"line":180,"column":4}},"15":{"start":{"line":182,"column":2},"end":{"line":182,"column":null}},"16":{"start":{"line":192,"column":17},"end":{"line":199,"column":4}},"17":{"start":{"line":201,"column":2},"end":{"line":201,"column":null}},"18":{"start":{"line":212,"column":17},"end":{"line":219,"column":4}},"19":{"start":{"line":221,"column":2},"end":{"line":221,"column":null}},"20":{"start":{"line":221,"column":15},"end":{"line":221,"column":null}},"21":{"start":{"line":224,"column":24},"end":{"line":224,"column":57}},"22":{"start":{"line":226,"column":2},"end":{"line":226,"column":null}},"23":{"start":{"line":233,"column":23},"end":{"line":249,"column":4}},"24":{"start":{"line":251,"column":2},"end":{"line":251,"column":null}},"25":{"start":{"line":258,"column":23},"end":{"line":274,"column":4}},"26":{"start":{"line":276,"column":2},"end":{"line":276,"column":null}},"27":{"start":{"line":289,"column":38},"end":{"line":289,"column":44}},"28":{"start":{"line":291,"column":23},"end":{"line":294,"column":4}},"29":{"start":{"line":296,"column":2},"end":{"line":296,"column":null}},"30":{"start":{"line":303,"column":2},"end":{"line":305,"column":null}}},"fnMap":{"0":{"name":"createOrganization","decl":{"start":{"line":8,"column":22},"end":{"line":8,"column":40}},"loc":{"start":{"line":14,"column":1},"end":{"line":48,"column":1}}},"1":{"name":"addUserToOrganization","decl":{"start":{"line":53,"column":22},"end":{"line":53,"column":43}},"loc":{"start":{"line":57,"column":1},"end":{"line":80,"column":1}}},"2":{"name":"removeUserFromOrganization","decl":{"start":{"line":85,"column":22},"end":{"line":85,"column":48}},"loc":{"start":{"line":88,"column":1},"end":{"line":99,"column":1}}},"3":{"name":"updateUserRole","decl":{"start":{"line":104,"column":22},"end":{"line":104,"column":36}},"loc":{"start":{"line":108,"column":1},"end":{"line":134,"column":1}}},"4":{"name":"getUserOrganizations","decl":{"start":{"line":139,"column":22},"end":{"line":139,"column":42}},"loc":{"start":{"line":139,"column":57},"end":{"line":156,"column":1}}},"5":{"name":"(anonymous_5)","decl":{"start":{"line":152,"column":25},"end":{"line":152,"column":26}},"loc":{"start":{"line":152,"column":33},"end":{"line":155,"column":4}}},"6":{"name":"getOrganizationMembers","decl":{"start":{"line":161,"column":22},"end":{"line":161,"column":44}},"loc":{"start":{"line":161,"column":67},"end":{"line":183,"column":1}}},"7":{"name":"hasOrganizationAccess","decl":{"start":{"line":188,"column":22},"end":{"line":188,"column":43}},"loc":{"start":{"line":190,"column":24},"end":{"line":202,"column":1}}},"8":{"name":"hasOrganizationRole","decl":{"start":{"line":207,"column":22},"end":{"line":207,"column":41}},"loc":{"start":{"line":210,"column":32},"end":{"line":227,"column":1}}},"9":{"name":"getOrganizationBySlug","decl":{"start":{"line":232,"column":22},"end":{"line":232,"column":43}},"loc":{"start":{"line":232,"column":56},"end":{"line":252,"column":1}}},"10":{"name":"getOrganizationById","decl":{"start":{"line":257,"column":22},"end":{"line":257,"column":41}},"loc":{"start":{"line":257,"column":52},"end":{"line":277,"column":1}}},"11":{"name":"updateOrganization","decl":{"start":{"line":282,"column":22},"end":{"line":282,"column":40}},"loc":{"start":{"line":288,"column":1},"end":{"line":297,"column":1}}},"12":{"name":"deleteOrganization","decl":{"start":{"line":302,"column":22},"end":{"line":302,"column":40}},"loc":{"start":{"line":302,"column":63},"end":{"line":306,"column":1}}}},"branchMap":{"0":{"loc":{"start":{"line":58,"column":34},"end":{"line":58,"column":49}},"type":"default-arg","locations":[{"start":{"line":58,"column":41},"end":{"line":58,"column":49}}]},"1":{"loc":{"start":{"line":221,"column":2},"end":{"line":221,"column":null}},"type":"if","locations":[{"start":{"line":221,"column":2},"end":{"line":221,"column":null}},{"start":{},"end":{}}]}},"s":{"0":30,"1":30,"2":29,"3":17,"4":17,"5":16,"6":1,"7":1,"8":2,"9":2,"10":2,"11":2,"12":2,"13":17,"14":2,"15":2,"16":0,"17":0,"18":15,"19":15,"20":1,"21":14,"22":14,"23":1,"24":1,"25":3,"26":3,"27":4,"28":4,"29":3,"30":2},"f":{"0":30,"1":17,"2":1,"3":2,"4":2,"5":17,"6":2,"7":0,"8":15,"9":1,"10":3,"11":4,"12":2},"b":{"0":[0],"1":[1,14]}}
,"/home/akshay/Assignments/vessify/backend/src/lib/transaction.ts": {"path":"/home/akshay/Assignments/vessify/backend/src/lib/transaction.ts","statementMap":{"0":{"start":{"line":23,"column":2},"end":{"line":51,"column":3}},"1":{"start":{"line":24,"column":4},"end":{"line":50,"column":5}},"2":{"start":{"line":25,"column":24},"end":{"line":25,"column":65}},"3":{"start":{"line":28,"column":33},"end":{"line":28,"column":37}},"4":{"start":{"line":29,"column":6},"end":{"line":38,"column":7}},"5":{"start":{"line":30,"column":8},"end":{"line":37,"column":9}},"6":{"start":{"line":31,"column":10},"end":{"line":31,"column":null}},"7":{"start":{"line":32,"column":10},"end":{"line":34,"column":11}},"8":{"start":{"line":33,"column":12},"end":{"line":33,"column":null}},"9":{"start":{"line":36,"column":10},"end":{"line":36,"column":null}},"10":{"start":{"line":40,"column":6},"end":{"line":46,"column":null}},"11":{"start":{"line":48,"column":6},"end":{"line":48,"column":null}},"12":{"start":{"line":54,"column":2},"end":{"line":54,"column":null}},"13":{"start":{"line":62,"column":19},"end":{"line":62,"column":20}},"14":{"start":{"line":63,"column":26},"end":{"line":63,"column":27}},"15":{"start":{"line":66,"column":30},"end":{"line":66,"column":34}},"16":{"start":{"line":67,"column":25},"end":{"line":73,"column":null}},"17":{"start":{"line":75,"column":2},"end":{"line":83,"column":3}},"18":{"start":{"line":76,"column":18},"end":{"line":76,"column":37}},"19":{"start":{"line":77,"column":4},"end":{"line":82,"column":5}},"20":{"start":{"line":78,"column":6},"end":{"line":78,"column":64}},"21":{"start":{"line":79,"column":6},"end":{"line":79,"column":null}},"22":{"start":{"line":80,"column":6},"end":{"line":80,"column":null}},"23":{"start":{"line":81,"column":6},"end":{"line":81,"column":11}},"24":{"start":{"line":86,"column":26},"end":{"line":86,"column":30}},"25":{"start":{"line":87,"column":23},"end":{"line":93,"column":null}},"26":{"start":{"line":95,"column":2},"end":{"line":127,"column":3}},"27":{"start":{"line":96,"column":18},"end":{"line":96,"column":37}},"28":{"start":{"line":97,"column":4},"end":{"line":126,"column":5}},"29":{"start":{"line":98,"column":6},"end":{"line":125,"column":7}},"30":{"start":{"line":99,"column":8},"end":{"line":114,"column":9}},"31":{"start":{"line":101,"column":10},"end":{"line":107,"column":11}},"32":{"start":{"line":103,"column":12},"end":{"line":103,"column":null}},"33":{"start":{"line":106,"column":12},"end":{"line":106,"column":null}},"34":{"start":{"line":108,"column":15},"end":{"line":114,"column":9}},"35":{"start":{"line":110,"column":10},"end":{"line":110,"column":null}},"36":{"start":{"line":113,"column":10},"end":{"line":113,"column":null}},"37":{"start":{"line":116,"column":8},"end":{"line":122,"column":9}},"38":{"start":{"line":117,"column":10},"end":{"line":117,"column":null}},"39":{"start":{"line":118,"column":10},"end":{"line":118,"column":null}},"40":{"start":{"line":119,"column":10},"end":{"line":119,"column":15}},"41":{"start":{"line":121,"column":10},"end":{"line":121,"column":null}},"42":{"start":{"line":124,"column":8},"end":{"line":124,"column":null}},"43":{"start":{"line":130,"column":35},"end":{"line":130,"column":39}},"44":{"start":{"line":131,"column":16},"end":{"line":131,"column":71}},"45":{"start":{"line":131,"column":48},"end":{"line":131,"column":70}},"46":{"start":{"line":134,"column":2},"end":{"line":144,"column":3}},"47":{"start":{"line":135,"column":20},"end":{"line":135,"column":31}},"48":{"start":{"line":137,"column":4},"end":{"line":137,"column":53}},"49":{"start":{"line":137,"column":45},"end":{"line":137,"column":53}},"50":{"start":{"line":140,"column":4},"end":{"line":140,"column":44}},"51":{"start":{"line":141,"column":4},"end":{"line":141,"column":null}},"52":{"start":{"line":142,"column":4},"end":{"line":142,"column":null}},"53":{"start":{"line":143,"column":4},"end":{"line":143,"column":9}},"54":{"start":{"line":147,"column":2},"end":{"line":151,"column":3}},"55":{"start":{"line":148,"column":4},"end":{"line":148,"column":null}},"56":{"start":{"line":149,"column":4},"end":{"line":149,"column":null}},"57":{"start":{"line":150,"column":4},"end":{"line":150,"column":null}},"58":{"start":{"line":154,"column":32},"end":{"line":154,"column":36}},"59":{"start":{"line":155,"column":53},"end":{"line":163,"column":null}},"60":{"start":{"line":165,"column":20},"end":{"line":165,"column":38}},"61":{"start":{"line":166,"column":2},"end":{"line":173,"column":3}},"62":{"start":{"line":167,"column":4},"end":{"line":172,"column":5}},"63":{"start":{"line":167,"column":33},"end":{"line":167,"column":60}},"64":{"start":{"line":168,"column":6},"end":{"line":168,"column":null}},"65":{"start":{"line":169,"column":6},"end":{"line":169,"column":null}},"66":{"start":{"line":170,"column":6},"end":{"line":170,"column":null}},"67":{"start":{"line":171,"column":6},"end":{"line":171,"column":11}},"68":{"start":{"line":176,"column":26},"end":{"line":176,"column":79}},"69":{"start":{"line":178,"column":2},"end":{"line":184,"column":null}},"70":{"start":{"line":200,"column":2},"end":{"line":202,"column":null}},"71":{"start":{"line":213,"column":16},"end":{"line":213,"column":34}},"72":{"start":{"line":214,"column":17},"end":{"line":214,"column":30}},"73":{"start":{"line":216,"column":23},"end":{"line":230,"column":4}},"74":{"start":{"line":232,"column":18},"end":{"line":232,"column":45}},"75":{"start":{"line":233,"column":16},"end":{"line":233,"column":66}},"76":{"start":{"line":234,"column":21},"end":{"line":234,"column":64}},"77":{"start":{"line":236,"column":2},"end":{"line":240,"column":null}},"78":{"start":{"line":247,"column":2},"end":{"line":252,"column":null}}},"fnMap":{"0":{"name":"parseTransactionText","decl":{"start":{"line":19,"column":22},"end":{"line":19,"column":42}},"loc":{"start":{"line":20,"column":14},"end":{"line":55,"column":1}}},"1":{"name":"parseTransactionTextWithRegex","decl":{"start":{"line":61,"column":9},"end":{"line":61,"column":38}},"loc":{"start":{"line":61,"column":51},"end":{"line":185,"column":1}}},"2":{"name":"(anonymous_2)","decl":{"start":{"line":131,"column":40},"end":{"line":131,"column":44}},"loc":{"start":{"line":131,"column":48},"end":{"line":131,"column":70}}},"3":{"name":"(anonymous_3)","decl":{"start":{"line":167,"column":22},"end":{"line":167,"column":29}},"loc":{"start":{"line":167,"column":33},"end":{"line":167,"column":60}}},"4":{"name":"createTransaction","decl":{"start":{"line":190,"column":22},"end":{"line":190,"column":39}},"loc":{"start":{"line":199,"column":1},"end":{"line":203,"column":1}}},"5":{"name":"getTransactions","decl":{"start":{"line":208,"column":22},"end":{"line":208,"column":37}},"loc":{"start":{"line":212,"column":1},"end":{"line":241,"column":1}}},"6":{"name":"getTransactionById","decl":{"start":{"line":246,"column":22},"end":{"line":246,"column":40}},"loc":{"start":{"line":246,"column":75},"end":{"line":253,"column":1}}}},"branchMap":{"0":{"loc":{"start":{"line":23,"column":2},"end":{"line":51,"column":3}},"type":"if","locations":[{"start":{"line":23,"column":2},"end":{"line":51,"column":3}},{"start":{},"end":{}}]},"1":{"loc":{"start":{"line":29,"column":6},"end":{"line":38,"column":7}},"type":"if","locations":[{"start":{"line":29,"column":6},"end":{"line":38,"column":7}},{"start":{},"end":{}}]},"2":{"loc":{"start":{"line":32,"column":10},"end":{"line":34,"column":11}},"type":"if","locations":[{"start":{"line":32,"column":10},"end":{"line":34,"column":11}},{"start":{},"end":{}}]},"3":{"loc":{"start":{"line":77,"column":4},"end":{"line":82,"column":5}},"type":"if","locations":[{"start":{"line":77,"column":4},"end":{"line":82,"column":5}},{"start":{},"end":{}}]},"4":{"loc":{"start":{"line":97,"column":4},"end":{"line":126,"column":5}},"type":"if","locations":[{"start":{"line":97,"column":4},"end":{"line":126,"column":5}},{"start":{},"end":{}}]},"5":{"loc":{"start":{"line":99,"column":8},"end":{"line":114,"column":9}},"type":"if","locations":[{"start":{"line":99,"column":8},"end":{"line":114,"column":9}},{"start":{"line":108,"column":15},"end":{"line":114,"column":9}}]},"6":{"loc":{"start":{"line":99,"column":12},"end":{"line":99,"column":67}},"type":"binary-expr","locations":[{"start":{"line":99,"column":12},"end":{"line":99,"column":39}},{"start":{"line":99,"column":43},"end":{"line":99,"column":67}}]},"7":{"loc":{"start":{"line":101,"column":10},"end":{"line":107,"column":11}},"type":"if","locations":[{"start":{"line":101,"column":10},"end":{"line":107,"column":11}},{"start":{"line":104,"column":17},"end":{"line":107,"column":11}}]},"8":{"loc":{"start":{"line":101,"column":14},"end":{"line":101,"column":53}},"type":"binary-expr","locations":[{"start":{"line":101,"column":14},"end":{"line":101,"column":22}},{"start":{"line":101,"column":26},"end":{"line":101,"column":53}}]},"9":{"loc":{"start":{"line":108,"column":15},"end":{"line":114,"column":9}},"type":"if","locations":[{"start":{"line":108,"column":15},"end":{"line":114,"column":9}},{"start":{"line":111,"column":15},"end":{"line":114,"column":9}}]},"10":{"loc":{"start":{"line":116,"column":8},"end":{"line":122,"column":9}},"type":"if","locations":[{"start":{"line":116,"column":8},"end":{"line":122,"column":9}},{"start":{"line":120,"column":15},"end":{"line":122,"column":9}}]},"11":{"loc":{"start":{"line":137,"column":4},"end":{"line":137,"column":53}},"type":"if","locations":[{"start":{"line":137,"column":4},"end":{"line":137,"column":53}},{"start":{},"end":{}}]},"12":{"loc":{"start":{"line":147,"column":2},"end":{"line":151,"column":3}},"type":"if","locations":[{"start":{"line":147,"column":2},"end":{"line":151,"column":3}},{"start":{},"end":{}}]},"13":{"loc":{"start":{"line":147,"column":6},"end":{"line":147,"column":38}},"type":"binary-expr","locations":[{"start":{"line":147,"column":6},"end":{"line":147,"column":18}},{"start":{"line":147,"column":22},"end":{"line":147,"column":38}}]},"14":{"loc":{"start":{"line":167,"column":4},"end":{"line":172,"column":5}},"type":"if","locations":[{"start":{"line":167,"column":4},"end":{"line":172,"column":5}},{"start":{},"end":{}}]},"15":{"loc":{"start":{"line":176,"column":26},"end":{"line":176,"column":79}},"type":"cond-expr","locations":[{"start":{"line":176,"column":50},"end":{"line":176,"column":75}},{"start":{"line":176,"column":78},"end":{"line":176,"column":79}}]},"16":{"loc":{"start":{"line":213,"column":16},"end":{"line":213,"column":34}},"type":"binary-expr","locations":[{"start":{"line":213,"column":16},"end":{"line":213,"column":28}},{"start":{"line":213,"column":32},"end":{"line":213,"column":34}}]},"17":{"loc":{"start":{"line":221,"column":8},"end":{"line":226,"column":6}},"type":"binary-expr","locations":[{"start":{"line":221,"column":8},"end":{"line":221,"column":14}},{"start":{"line":221,"column":18},"end":{"line":226,"column":6}}]},"18":{"loc":{"start":{"line":233,"column":16},"end":{"line":233,"column":66}},"type":"cond-expr","locations":[{"start":{"line":233,"column":26},"end":{"line":233,"column":51}},{"start":{"line":233,"column":54},"end":{"line":233,"column":66}}]},"19":{"loc":{"start":{"line":234,"column":21},"end":{"line":234,"column":64}},"type":"cond-expr","locations":[{"start":{"line":234,"column":31},"end":{"line":234,"column":57}},{"start":{"line":234,"column":60},"end":{"line":234,"column":64}}]}},"s":{"0":6,"1":6,"2":6,"3":6,"4":6,"5":2,"6":2,"7":2,"8":0,"9":0,"10":6,"11":0,"12":0,"13":0,"14":0,"15":0,"16":0,"17":0,"18":0,"19":0,"20":0,"21":0,"22":0,"23":0,"24":0,"25":0,"26":0,"27":0,"28":0,"29":0,"30":0,"31":0,"32":0,"33":0,"34":0,"35":0,"36":0,"37":0,"38":0,"39":0,"40":0,"41":0,"42":0,"43":0,"44":0,"45":0,"46":0,"47":0,"48":0,"49":0,"50":0,"51":0,"52":0,"53":0,"54":0,"55":0,"56":0,"57":0,"58":0,"59":0,"60":0,"61":0,"62":0,"63":0,"64":0,"65":0,"66":0,"67":0,"68":0,"69":0,"70":19,"71":6,"72":6,"73":6,"74":6,"75":6,"76":6,"77":6,"78":3},"f":{"0":6,"1":0,"2":0,"3":0,"4":19,"5":6,"6":3},"b":{"0":[6,0],"1":[2,4],"2":[0,2],"3":[0,0],"4":[0,0],"5":[0,0],"6":[0,0],"7":[0,0],"8":[0,0],"9":[0,0],"10":[0,0],"11":[0,0],"12":[0,0],"13":[0,0],"14":[0,0],"15":[0,0],"16":[6,0],"17":[6,1],"18":[2,4],"19":[2,4]}}
,"/home/akshay/Assignments/vessify/backend/src/middleware/rateLimit.ts": {"path":"/home/akshay/Assignments/vessify/backend/src/middleware/rateLimit.ts","statementMap":{"0":{"start":{"line":10,"column":23},"end":{"line":10,"column":56}},"1":{"start":{"line":41,"column":6},"end":{"line":41,"column":12}},"2":{"start":{"line":30,"column":21},"end":{"line":30,"column":38}},"3":{"start":{"line":31,"column":6},"end":{"line":31,"column":null}},"4":{"start":{"line":31,"column":18},"end":{"line":31,"column":null}},"5":{"start":{"line":34,"column":24},"end":{"line":34,"column":55}},"6":{"start":{"line":35,"column":21},"end":{"line":35,"column":46}},"7":{"start":{"line":36,"column":17},"end":{"line":36,"column":64}},"8":{"start":{"line":37,"column":6},"end":{"line":37,"column":null}},"9":{"start":{"line":43,"column":2},"end":{"line":111,"column":null}},"10":{"start":{"line":44,"column":16},"end":{"line":44,"column":31}},"11":{"start":{"line":45,"column":16},"end":{"line":45,"column":26}},"12":{"start":{"line":48,"column":4},"end":{"line":50,"column":5}},"13":{"start":{"line":49,"column":6},"end":{"line":49,"column":null}},"14":{"start":{"line":53,"column":16},"end":{"line":53,"column":39}},"15":{"start":{"line":56,"column":4},"end":{"line":62,"column":5}},"16":{"start":{"line":57,"column":6},"end":{"line":60,"column":null}},"17":{"start":{"line":61,"column":6},"end":{"line":61,"column":null}},"18":{"start":{"line":65,"column":4},"end":{"line":82,"column":5}},"19":{"start":{"line":66,"column":25},"end":{"line":66,"column":66}},"20":{"start":{"line":68,"column":6},"end":{"line":81,"column":null}},"21":{"start":{"line":85,"column":4},"end":{"line":87,"column":5}},"22":{"start":{"line":86,"column":6},"end":{"line":86,"column":null}},"23":{"start":{"line":90,"column":22},"end":{"line":90,"column":60}},"24":{"start":{"line":91,"column":4},"end":{"line":91,"column":null}},"25":{"start":{"line":92,"column":4},"end":{"line":92,"column":null}},"26":{"start":{"line":93,"column":4},"end":{"line":93,"column":null}},"27":{"start":{"line":96,"column":4},"end":{"line":96,"column":null}},"28":{"start":{"line":99,"column":4},"end":{"line":110,"column":5}},"29":{"start":{"line":100,"column":21},"end":{"line":100,"column":33}},"30":{"start":{"line":101,"column":24},"end":{"line":101,"column":53}},"31":{"start":{"line":102,"column":23},"end":{"line":102,"column":36}},"32":{"start":{"line":104,"column":6},"end":{"line":109,"column":7}},"33":{"start":{"line":108,"column":8},"end":{"line":108,"column":null}},"34":{"start":{"line":118,"column":2},"end":{"line":122,"column":3}},"35":{"start":{"line":119,"column":4},"end":{"line":121,"column":5}},"36":{"start":{"line":120,"column":6},"end":{"line":120,"column":null}},"37":{"start":{"line":128,"column":32},"end":{"line":152,"column":null}},"38":{"start":{"line":158,"column":2},"end":{"line":158,"column":null}},"39":{"start":{"line":165,"column":2},"end":{"line":165,"column":null}}},"fnMap":{"0":{"name":"rateLimit","decl":{"start":{"line":24,"column":16},"end":{"line":24,"column":25}},"loc":{"start":{"line":24,"column":49},"end":{"line":112,"column":1}}},"1":{"name":"(anonymous_1)","decl":{"start":{"line":28,"column":19},"end":{"line":28,"column":20}},"loc":{"start":{"line":28,"column":25},"end":{"line":38,"column":5}}},"2":{"name":"(anonymous_2)","decl":{"start":{"line":43,"column":9},"end":{"line":43,"column":14}},"loc":{"start":{"line":43,"column":42},"end":{"line":111,"column":3}}},"3":{"name":"cleanupExpiredEntries","decl":{"start":{"line":117,"column":9},"end":{"line":117,"column":30}},"loc":{"start":{"line":117,"column":42},"end":{"line":123,"column":1}}},"4":{"name":"clearRateLimitStore","decl":{"start":{"line":157,"column":16},"end":{"line":157,"column":35}},"loc":{"start":{"line":157,"column":35},"end":{"line":159,"column":1}}},"5":{"name":"getRateLimitStatus","decl":{"start":{"line":164,"column":16},"end":{"line":164,"column":34}},"loc":{"start":{"line":164,"column":46},"end":{"line":166,"column":1}}}},"branchMap":{"0":{"loc":{"start":{"line":28,"column":4},"end":{"line":38,"column":5}},"type":"default-arg","locations":[{"start":{"line":28,"column":19},"end":{"line":38,"column":5}}]},"1":{"loc":{"start":{"line":31,"column":6},"end":{"line":31,"column":null}},"type":"if","locations":[{"start":{"line":31,"column":6},"end":{"line":31,"column":null}},{"start":{},"end":{}}]},"2":{"loc":{"start":{"line":36,"column":17},"end":{"line":36,"column":64}},"type":"binary-expr","locations":[{"start":{"line":36,"column":17},"end":{"line":36,"column":41}},{"start":{"line":36,"column":45},"end":{"line":36,"column":51}},{"start":{"line":36,"column":55},"end":{"line":36,"column":64}}]},"3":{"loc":{"start":{"line":39,"column":4},"end":{"line":39,"column":34}},"type":"default-arg","locations":[{"start":{"line":39,"column":29},"end":{"line":39,"column":34}}]},"4":{"loc":{"start":{"line":40,"column":4},"end":{"line":40,"column":30}},"type":"default-arg","locations":[{"start":{"line":40,"column":25},"end":{"line":40,"column":30}}]},"5":{"loc":{"start":{"line":48,"column":4},"end":{"line":50,"column":5}},"type":"if","locations":[{"start":{"line":48,"column":4},"end":{"line":50,"column":5}},{"start":{},"end":{}}]},"6":{"loc":{"start":{"line":56,"column":4},"end":{"line":62,"column":5}},"type":"if","locations":[{"start":{"line":56,"column":4},"end":{"line":62,"column":5}},{"start":{},"end":{}}]},"7":{"loc":{"start":{"line":56,"column":8},"end":{"line":56,"column":39}},"type":"binary-expr","locations":[{"start":{"line":56,"column":8},"end":{"line":56,"column":14}},{"start":{"line":56,"column":18},"end":{"line":56,"column":39}}]},"8":{"loc":{"start":{"line":65,"column":4},"end":{"line":82,"column":5}},"type":"if","locations":[{"start":{"line":65,"column":4},"end":{"line":82,"column":5}},{"start":{},"end":{}}]},"9":{"loc":{"start":{"line":85,"column":4},"end":{"line":87,"column":5}},"type":"if","locations":[{"start":{"line":85,"column":4},"end":{"line":87,"column":5}},{"start":{},"end":{}}]},"10":{"loc":{"start":{"line":85,"column":8},"end":{"line":85,"column":54}},"type":"binary-expr","locations":[{"start":{"line":85,"column":8},"end":{"line":85,"column":31}},{"start":{"line":85,"column":35},"end":{"line":85,"column":54}}]},"11":{"loc":{"start":{"line":99,"column":4},"end":{"line":110,"column":5}},"type":"if","locations":[{"start":{"line":99,"column":4},"end":{"line":110,"column":5}},{"start":{},"end":{}}]},"12":{"loc":{"start":{"line":99,"column":8},"end":{"line":99,"column":52}},"type":"binary-expr","locations":[{"start":{"line":99,"column":8},"end":{"line":99,"column":30}},{"start":{"line":99,"column":34},"end":{"line":99,"column":52}}]},"13":{"loc":{"start":{"line":101,"column":24},"end":{"line":101,"column":53}},"type":"binary-expr","locations":[{"start":{"line":101,"column":24},"end":{"line":101,"column":37}},{"start":{"line":101,"column":41},"end":{"line":101,"column":53}}]},"14":{"loc":{"start":{"line":104,"column":6},"end":{"line":109,"column":7}},"type":"if","locations":[{"start":{"line":104,"column":6},"end":{"line":109,"column":7}},{"start":{},"end":{}}]},"15":{"loc":{"start":{"line":105,"column":8},"end":{"line":106,"column":42}},"type":"binary-expr","locations":[{"start":{"line":105,"column":9},"end":{"line":105,"column":32}},{"start":{"line":105,"column":36},"end":{"line":105,"column":46}},{"start":{"line":106,"column":9},"end":{"line":106,"column":28}},{"start":{"line":106,"column":32},"end":{"line":106,"column":41}}]},"16":{"loc":{"start":{"line":119,"column":4},"end":{"line":121,"column":5}},"type":"if","locations":[{"start":{"line":119,"column":4},"end":{"line":121,"column":5}},{"start":{},"end":{}}]},"17":{"loc":{"start":{"line":165,"column":9},"end":{"line":165,"column":40}},"type":"binary-expr","locations":[{"start":{"line":165,"column":9},"end":{"line":165,"column":32}},{"start":{"line":165,"column":36},"end":{"line":165,"column":40}}]}},"s":{"0":1,"1":6,"2":17,"3":17,"4":4,"5":13,"6":13,"7":13,"8":13,"9":6,"10":18,"11":18,"12":18,"13":1,"14":18,"15":18,"16":8,"17":8,"18":18,"19":1,"20":1,"21":17,"22":17,"23":17,"24":17,"25":17,"26":17,"27":17,"28":17,"29":0,"30":0,"31":0,"32":0,"33":0,"34":1,"35":1,"36":0,"37":1,"38":12,"39":0},"f":{"0":6,"1":17,"2":18,"3":1,"4":12,"5":0},"b":{"0":[5],"1":[4,13],"2":[13,0,0],"3":[6],"4":[6],"5":[1,17],"6":[8,10],"7":[18,11],"8":[1,17],"9":[17,0],"10":[17,17],"11":[0,17],"12":[17,17],"13":[0,0],"14":[0,0],"15":[0,0,0,0],"16":[0,1],"17":[0,0]}}
,"/home/akshay/Assignments/vessify/backend/src/routes/auth.ts": {"path":"/home/akshay/Assignments/vessify/backend/src/routes/auth.ts","statementMap":{"0":{"start":{"line":5,"column":19},"end":{"line":5,"column":29}},"1":{"start":{"line":8,"column":0},"end":{"line":18,"column":null}},"2":{"start":{"line":13,"column":22},"end":{"line":13,"column":53}},"3":{"start":{"line":14,"column":19},"end":{"line":14,"column":44}},"4":{"start":{"line":15,"column":15},"end":{"line":15,"column":62}},"5":{"start":{"line":16,"column":4},"end":{"line":16,"column":null}},"6":{"start":{"line":22,"column":0},"end":{"line":24,"column":null}},"7":{"start":{"line":23,"column":2},"end":{"line":23,"column":null}}},"fnMap":{"0":{"name":"(anonymous_0)","decl":{"start":{"line":11,"column":16},"end":{"line":11,"column":17}},"loc":{"start":{"line":11,"column":22},"end":{"line":17,"column":3}}},"1":{"name":"(anonymous_1)","decl":{"start":{"line":22,"column":63},"end":{"line":22,"column":68}},"loc":{"start":{"line":22,"column":75},"end":{"line":24,"column":1}}}},"branchMap":{"0":{"loc":{"start":{"line":15,"column":15},"end":{"line":15,"column":62}},"type":"binary-expr","locations":[{"start":{"line":15,"column":15},"end":{"line":15,"column":39}},{"start":{"line":15,"column":43},"end":{"line":15,"column":49}},{"start":{"line":15,"column":53},"end":{"line":15,"column":62}}]}},"s":{"0":0,"1":0,"2":0,"3":0,"4":0,"5":0,"6":0,"7":0},"f":{"0":0,"1":0},"b":{"0":[0,0,0]}}
,"/home/akshay/Assignments/vessify/backend/src/routes/organization.ts": {"path":"/home/akshay/Assignments/vessify/backend/src/routes/organization.ts","statementMap":{"0":{"start":{"line":25,"column":27},"end":{"line":25,"column":63}},"1":{"start":{"line":28,"column":20},"end":{"line":73,"column":1}},"2":{"start":{"line":29,"column":2},"end":{"line":72,"column":3}},"3":{"start":{"line":31,"column":18},"end":{"line":31,"column":22}},"4":{"start":{"line":32,"column":4},"end":{"line":36,"column":5}},"5":{"start":{"line":33,"column":6},"end":{"line":33,"column":null}},"6":{"start":{"line":39,"column":4},"end":{"line":44,"column":5}},"7":{"start":{"line":40,"column":6},"end":{"line":40,"column":null}},"8":{"start":{"line":41,"column":6},"end":{"line":41,"column":null}},"9":{"start":{"line":42,"column":6},"end":{"line":42,"column":null}},"10":{"start":{"line":43,"column":6},"end":{"line":43,"column":12}},"11":{"start":{"line":47,"column":19},"end":{"line":47,"column":44}},"12":{"start":{"line":48,"column":22},"end":{"line":48,"column":50}},"13":{"start":{"line":50,"column":4},"end":{"line":65,"column":5}},"14":{"start":{"line":52,"column":24},"end":{"line":60,"column":null}},"15":{"start":{"line":62,"column":6},"end":{"line":62,"column":null}},"16":{"start":{"line":63,"column":6},"end":{"line":63,"column":null}},"17":{"start":{"line":64,"column":6},"end":{"line":64,"column":12}},"18":{"start":{"line":68,"column":4},"end":{"line":68,"column":null}},"19":{"start":{"line":70,"column":4},"end":{"line":70,"column":null}},"20":{"start":{"line":71,"column":4},"end":{"line":71,"column":null}},"21":{"start":{"line":76,"column":0},"end":{"line":112,"column":null}},"22":{"start":{"line":83,"column":19},"end":{"line":83,"column":32}},"23":{"start":{"line":84,"column":6},"end":{"line":84,"column":null}},"24":{"start":{"line":88,"column":2},"end":{"line":111,"column":3}},"25":{"start":{"line":89,"column":17},"end":{"line":89,"column":30}},"26":{"start":{"line":90,"column":46},"end":{"line":90,"column":64}},"27":{"start":{"line":92,"column":4},"end":{"line":94,"column":5}},"28":{"start":{"line":93,"column":6},"end":{"line":93,"column":null}},"29":{"start":{"line":96,"column":25},"end":{"line":102,"column":6}},"30":{"start":{"line":104,"column":4},"end":{"line":104,"column":null}},"31":{"start":{"line":106,"column":4},"end":{"line":108,"column":5}},"32":{"start":{"line":107,"column":6},"end":{"line":107,"column":null}},"33":{"start":{"line":109,"column":4},"end":{"line":109,"column":null}},"34":{"start":{"line":110,"column":4},"end":{"line":110,"column":null}},"35":{"start":{"line":115,"column":0},"end":{"line":124,"column":null}},"36":{"start":{"line":116,"column":2},"end":{"line":123,"column":3}},"37":{"start":{"line":117,"column":17},"end":{"line":117,"column":30}},"38":{"start":{"line":118,"column":26},"end":{"line":118,"column":61}},"39":{"start":{"line":119,"column":4},"end":{"line":119,"column":null}},"40":{"start":{"line":121,"column":4},"end":{"line":121,"column":null}},"41":{"start":{"line":122,"column":4},"end":{"line":122,"column":null}},"42":{"start":{"line":127,"column":0},"end":{"line":141,"column":null}},"43":{"start":{"line":128,"column":2},"end":{"line":140,"column":3}},"44":{"start":{"line":129,"column":17},"end":{"line":129,"column":36}},"45":{"start":{"line":130,"column":25},"end":{"line":130,"column":58}},"46":{"start":{"line":132,"column":4},"end":{"line":134,"column":5}},"47":{"start":{"line":133,"column":6},"end":{"line":133,"column":null}},"48":{"start":{"line":136,"column":4},"end":{"line":136,"column":null}},"49":{"start":{"line":138,"column":4},"end":{"line":138,"column":null}},"50":{"start":{"line":139,"column":4},"end":{"line":139,"column":null}},"51":{"start":{"line":144,"column":0},"end":{"line":158,"column":null}},"52":{"start":{"line":145,"column":2},"end":{"line":157,"column":3}},"53":{"start":{"line":146,"column":15},"end":{"line":146,"column":32}},"54":{"start":{"line":147,"column":25},"end":{"line":147,"column":54}},"55":{"start":{"line":149,"column":4},"end":{"line":151,"column":5}},"56":{"start":{"line":150,"column":6},"end":{"line":150,"column":null}},"57":{"start":{"line":153,"column":4},"end":{"line":153,"column":null}},"58":{"start":{"line":155,"column":4},"end":{"line":155,"column":null}},"59":{"start":{"line":156,"column":4},"end":{"line":156,"column":null}},"60":{"start":{"line":161,"column":0},"end":{"line":190,"column":null}},"61":{"start":{"line":162,"column":2},"end":{"line":189,"column":3}},"62":{"start":{"line":163,"column":17},"end":{"line":163,"column":30}},"63":{"start":{"line":164,"column":15},"end":{"line":164,"column":32}},"64":{"start":{"line":167,"column":26},"end":{"line":167,"column":73}},"65":{"start":{"line":168,"column":4},"end":{"line":170,"column":5}},"66":{"start":{"line":169,"column":6},"end":{"line":169,"column":null}},"67":{"start":{"line":172,"column":46},"end":{"line":172,"column":64}},"68":{"start":{"line":174,"column":25},"end":{"line":180,"column":6}},"69":{"start":{"line":182,"column":4},"end":{"line":182,"column":null}},"70":{"start":{"line":184,"column":4},"end":{"line":186,"column":5}},"71":{"start":{"line":185,"column":6},"end":{"line":185,"column":null}},"72":{"start":{"line":187,"column":4},"end":{"line":187,"column":null}},"73":{"start":{"line":188,"column":4},"end":{"line":188,"column":null}},"74":{"start":{"line":193,"column":0},"end":{"line":210,"column":null}},"75":{"start":{"line":194,"column":2},"end":{"line":209,"column":3}},"76":{"start":{"line":195,"column":17},"end":{"line":195,"column":30}},"77":{"start":{"line":196,"column":15},"end":{"line":196,"column":32}},"78":{"start":{"line":199,"column":20},"end":{"line":199,"column":67}},"79":{"start":{"line":200,"column":4},"end":{"line":202,"column":5}},"80":{"start":{"line":201,"column":6},"end":{"line":201,"column":null}},"81":{"start":{"line":204,"column":4},"end":{"line":204,"column":null}},"82":{"start":{"line":205,"column":4},"end":{"line":205,"column":null}},"83":{"start":{"line":207,"column":4},"end":{"line":207,"column":null}},"84":{"start":{"line":208,"column":4},"end":{"line":208,"column":null}},"85":{"start":{"line":213,"column":0},"end":{"line":230,"column":null}},"86":{"start":{"line":214,"column":2},"end":{"line":229,"column":3}},"87":{"start":{"line":215,"column":17},"end":{"line":215,"column":30}},"88":{"start":{"line":216,"column":15},"end":{"line":216,"column":32}},"89":{"start":{"line":219,"column":22},"end":{"line":219,"column":70}},"90":{"start":{"line":220,"column":4},"end":{"line":222,"column":5}},"91":{"start":{"line":221,"column":6},"end":{"line":221,"column":null}},"92":{"start":{"line":224,"column":20},"end":{"line":224,"column":52}},"93":{"start":{"line":225,"column":4},"end":{"line":225,"column":null}},"94":{"start":{"line":227,"column":4},"end":{"line":227,"column":null}},"95":{"start":{"line":228,"column":4},"end":{"line":228,"column":null}},"96":{"start":{"line":233,"column":0},"end":{"line":263,"column":null}},"97":{"start":{"line":234,"column":2},"end":{"line":262,"column":3}},"98":{"start":{"line":235,"column":17},"end":{"line":235,"column":30}},"99":{"start":{"line":236,"column":15},"end":{"line":236,"column":32}},"100":{"start":{"line":237,"column":40},"end":{"line":237,"column":58}},"101":{"start":{"line":239,"column":4},"end":{"line":241,"column":5}},"102":{"start":{"line":240,"column":6},"end":{"line":240,"column":null}},"103":{"start":{"line":244,"column":26},"end":{"line":244,"column":73}},"104":{"start":{"line":245,"column":4},"end":{"line":247,"column":5}},"105":{"start":{"line":246,"column":6},"end":{"line":246,"column":null}},"106":{"start":{"line":249,"column":19},"end":{"line":253,"column":6}},"107":{"start":{"line":255,"column":4},"end":{"line":255,"column":null}},"108":{"start":{"line":257,"column":4},"end":{"line":259,"column":5}},"109":{"start":{"line":258,"column":6},"end":{"line":258,"column":null}},"110":{"start":{"line":260,"column":4},"end":{"line":260,"column":null}},"111":{"start":{"line":261,"column":4},"end":{"line":261,"column":null}},"112":{"start":{"line":266,"column":0},"end":{"line":294,"column":null}},"113":{"start":{"line":267,"column":2},"end":{"line":293,"column":3}},"114":{"start":{"line":268,"column":17},"end":{"line":268,"column":30}},"115":{"start":{"line":269,"column":15},"end":{"line":269,"column":32}},"116":{"start":{"line":270,"column":19},"end":{"line":270,"column":40}},"117":{"start":{"line":271,"column":21},"end":{"line":271,"column":39}},"118":{"start":{"line":273,"column":4},"end":{"line":275,"column":5}},"119":{"start":{"line":274,"column":6},"end":{"line":274,"column":null}},"120":{"start":{"line":278,"column":26},"end":{"line":278,"column":73}},"121":{"start":{"line":279,"column":4},"end":{"line":281,"column":5}},"122":{"start":{"line":280,"column":6},"end":{"line":280,"column":null}},"123":{"start":{"line":283,"column":19},"end":{"line":287,"column":6}},"124":{"start":{"line":289,"column":4},"end":{"line":289,"column":null}},"125":{"start":{"line":291,"column":4},"end":{"line":291,"column":null}},"126":{"start":{"line":292,"column":4},"end":{"line":292,"column":null}},"127":{"start":{"line":297,"column":0},"end":{"line":319,"column":null}},"128":{"start":{"line":298,"column":2},"end":{"line":318,"column":3}},"129":{"start":{"line":299,"column":17},"end":{"line":299,"column":30}},"130":{"start":{"line":300,"column":15},"end":{"line":300,"column":32}},"131":{"start":{"line":301,"column":19},"end":{"line":301,"column":40}},"132":{"start":{"line":304,"column":26},"end":{"line":304,"column":73}},"133":{"start":{"line":305,"column":4},"end":{"line":307,"column":5}},"134":{"start":{"line":306,"column":6},"end":{"line":306,"column":null}},"135":{"start":{"line":309,"column":4},"end":{"line":312,"column":null}},"136":{"start":{"line":314,"column":4},"end":{"line":314,"column":null}},"137":{"start":{"line":316,"column":4},"end":{"line":316,"column":null}},"138":{"start":{"line":317,"column":4},"end":{"line":317,"column":null}}},"fnMap":{"0":{"name":"(anonymous_0)","decl":{"start":{"line":28,"column":20},"end":{"line":28,"column":25}},"loc":{"start":{"line":28,"column":105},"end":{"line":73,"column":1}}},"1":{"name":"(anonymous_1)","decl":{"start":{"line":82,"column":18},"end":{"line":82,"column":19}},"loc":{"start":{"line":82,"column":24},"end":{"line":85,"column":5}}},"2":{"name":"(anonymous_2)","decl":{"start":{"line":87,"column":2},"end":{"line":87,"column":7}},"loc":{"start":{"line":87,"column":14},"end":{"line":112,"column":1}}},"3":{"name":"(anonymous_3)","decl":{"start":{"line":115,"column":57},"end":{"line":115,"column":62}},"loc":{"start":{"line":115,"column":69},"end":{"line":124,"column":1}}},"4":{"name":"(anonymous_4)","decl":{"start":{"line":127,"column":51},"end":{"line":127,"column":56}},"loc":{"start":{"line":127,"column":63},"end":{"line":141,"column":1}}},"5":{"name":"(anonymous_5)","decl":{"start":{"line":144,"column":44},"end":{"line":144,"column":49}},"loc":{"start":{"line":144,"column":56},"end":{"line":158,"column":1}}},"6":{"name":"(anonymous_6)","decl":{"start":{"line":161,"column":44},"end":{"line":161,"column":49}},"loc":{"start":{"line":161,"column":56},"end":{"line":190,"column":1}}},"7":{"name":"(anonymous_7)","decl":{"start":{"line":193,"column":47},"end":{"line":193,"column":52}},"loc":{"start":{"line":193,"column":59},"end":{"line":210,"column":1}}},"8":{"name":"(anonymous_8)","decl":{"start":{"line":213,"column":52},"end":{"line":213,"column":57}},"loc":{"start":{"line":213,"column":64},"end":{"line":230,"column":1}}},"9":{"name":"(anonymous_9)","decl":{"start":{"line":233,"column":53},"end":{"line":233,"column":58}},"loc":{"start":{"line":233,"column":65},"end":{"line":263,"column":1}}},"10":{"name":"(anonymous_10)","decl":{"start":{"line":266,"column":60},"end":{"line":266,"column":65}},"loc":{"start":{"line":266,"column":72},"end":{"line":294,"column":1}}},"11":{"name":"(anonymous_11)","decl":{"start":{"line":297,"column":63},"end":{"line":297,"column":68}},"loc":{"start":{"line":297,"column":75},"end":{"line":319,"column":1}}}},"branchMap":{"0":{"loc":{"start":{"line":39,"column":4},"end":{"line":44,"column":5}},"type":"if","locations":[{"start":{"line":39,"column":4},"end":{"line":44,"column":5}},{"start":{},"end":{}}]},"1":{"loc":{"start":{"line":50,"column":4},"end":{"line":65,"column":5}},"type":"if","locations":[{"start":{"line":50,"column":4},"end":{"line":65,"column":5}},{"start":{},"end":{}}]},"2":{"loc":{"start":{"line":50,"column":8},"end":{"line":50,"column":27}},"type":"binary-expr","locations":[{"start":{"line":50,"column":8},"end":{"line":50,"column":14}},{"start":{"line":50,"column":18},"end":{"line":50,"column":27}}]},"3":{"loc":{"start":{"line":84,"column":27},"end":{"line":84,"column":50}},"type":"binary-expr","locations":[{"start":{"line":84,"column":27},"end":{"line":84,"column":35}},{"start":{"line":84,"column":39},"end":{"line":84,"column":50}}]},"4":{"loc":{"start":{"line":92,"column":4},"end":{"line":94,"column":5}},"type":"if","locations":[{"start":{"line":92,"column":4},"end":{"line":94,"column":5}},{"start":{},"end":{}}]},"5":{"loc":{"start":{"line":92,"column":8},"end":{"line":92,"column":22}},"type":"binary-expr","locations":[{"start":{"line":92,"column":8},"end":{"line":92,"column":13}},{"start":{"line":92,"column":17},"end":{"line":92,"column":22}}]},"6":{"loc":{"start":{"line":106,"column":4},"end":{"line":108,"column":5}},"type":"if","locations":[{"start":{"line":106,"column":4},"end":{"line":108,"column":5}},{"start":{},"end":{}}]},"7":{"loc":{"start":{"line":106,"column":8},"end":{"line":106,"column":87}},"type":"binary-expr","locations":[{"start":{"line":106,"column":8},"end":{"line":106,"column":13}},{"start":{"line":106,"column":17},"end":{"line":106,"column":42}},{"start":{"line":106,"column":46},"end":{"line":106,"column":61}},{"start":{"line":106,"column":65},"end":{"line":106,"column":87}}]},"8":{"loc":{"start":{"line":132,"column":4},"end":{"line":134,"column":5}},"type":"if","locations":[{"start":{"line":132,"column":4},"end":{"line":134,"column":5}},{"start":{},"end":{}}]},"9":{"loc":{"start":{"line":149,"column":4},"end":{"line":151,"column":5}},"type":"if","locations":[{"start":{"line":149,"column":4},"end":{"line":151,"column":5}},{"start":{},"end":{}}]},"10":{"loc":{"start":{"line":168,"column":4},"end":{"line":170,"column":5}},"type":"if","locations":[{"start":{"line":168,"column":4},"end":{"line":170,"column":5}},{"start":{},"end":{}}]},"11":{"loc":{"start":{"line":184,"column":4},"end":{"line":186,"column":5}},"type":"if","locations":[{"start":{"line":184,"column":4},"end":{"line":186,"column":5}},{"start":{},"end":{}}]},"12":{"loc":{"start":{"line":184,"column":8},"end":{"line":184,"column":87}},"type":"binary-expr","locations":[{"start":{"line":184,"column":8},"end":{"line":184,"column":13}},{"start":{"line":184,"column":17},"end":{"line":184,"column":42}},{"start":{"line":184,"column":46},"end":{"line":184,"column":61}},{"start":{"line":184,"column":65},"end":{"line":184,"column":87}}]},"13":{"loc":{"start":{"line":200,"column":4},"end":{"line":202,"column":5}},"type":"if","locations":[{"start":{"line":200,"column":4},"end":{"line":202,"column":5}},{"start":{},"end":{}}]},"14":{"loc":{"start":{"line":220,"column":4},"end":{"line":222,"column":5}},"type":"if","locations":[{"start":{"line":220,"column":4},"end":{"line":222,"column":5}},{"start":{},"end":{}}]},"15":{"loc":{"start":{"line":237,"column":20},"end":{"line":237,"column":35}},"type":"default-arg","locations":[{"start":{"line":237,"column":27},"end":{"line":237,"column":35}}]},"16":{"loc":{"start":{"line":239,"column":4},"end":{"line":241,"column":5}},"type":"if","locations":[{"start":{"line":239,"column":4},"end":{"line":241,"column":5}},{"start":{},"end":{}}]},"17":{"loc":{"start":{"line":245,"column":4},"end":{"line":247,"column":5}},"type":"if","locations":[{"start":{"line":245,"column":4},"end":{"line":247,"column":5}},{"start":{},"end":{}}]},"18":{"loc":{"start":{"line":257,"column":4},"end":{"line":259,"column":5}},"type":"if","locations":[{"start":{"line":257,"column":4},"end":{"line":259,"column":5}},{"start":{},"end":{}}]},"19":{"loc":{"start":{"line":257,"column":8},"end":{"line":257,"column":87}},"type":"binary-expr","locations":[{"start":{"line":257,"column":8},"end":{"line":257,"column":13}},{"start":{"line":257,"column":17},"end":{"line":257,"column":42}},{"start":{"line":257,"column":46},"end":{"line":257,"column":61}},{"start":{"line":257,"column":65},"end":{"line":257,"column":87}}]},"20":{"loc":{"start":{"line":273,"column":4},"end":{"line":275,"column":5}},"type":"if","locations":[{"start":{"line":273,"column":4},"end":{"line":275,"column":5}},{"start":{},"end":{}}]},"21":{"loc":{"start":{"line":279,"column":4},"end":{"line":281,"column":5}},"type":"if","locations":[{"start":{"line":279,"column":4},"end":{"line":281,"column":5}},{"start":{},"end":{}}]},"22":{"loc":{"start":{"line":305,"column":4},"end":{"line":307,"column":5}},"type":"if","locations":[{"start":{"line":305,"column":4},"end":{"line":307,"column":5}},{"start":{},"end":{}}]}},"s":{"0":0,"1":0,"2":0,"3":0,"4":0,"5":0,"6":0,"7":0,"8":0,"9":0,"10":0,"11":0,"12":0,"13":0,"14":0,"15":0,"16":0,"17":0,"18":0,"19":0,"20":0,"21":0,"22":0,"23":0,"24":0,"25":0,"26":0,"27":0,"28":0,"29":0,"30":0,"31":0,"32":0,"33":0,"34":0,"35":0,"36":0,"37":0,"38":0,"39":0,"40":0,"41":0,"42":0,"43":0,"44":0,"45":0,"46":0,"47":0,"48":0,"49":0,"50":0,"51":0,"52":0,"53":0,"54":0,"55":0,"56":0,"57":0,"58":0,"59":0,"60":0,"61":0,"62":0,"63":0,"64":0,"65":0,"66":0,"67":0,"68":0,"69":0,"70":0,"71":0,"72":0,"73":0,"74":0,"75":0,"76":0,"77":0,"78":0,"79":0,"80":0,"81":0,"82":0,"83":0,"84":0,"85":0,"86":0,"87":0,"88":0,"89":0,"90":0,"91":0,"92":0,"93":0,"94":0,"95":0,"96":0,"97":0,"98":0,"99":0,"100":0,"101":0,"102":0,"103":0,"104":0,"105":0,"106":0,"107":0,"108":0,"109":0,"110":0,"111":0,"112":0,"113":0,"114":0,"115":0,"116":0,"117":0,"118":0,"119":0,"120":0,"121":0,"122":0,"123":0,"124":0,"125":0,"126":0,"127":0,"128":0,"129":0,"130":0,"131":0,"132":0,"133":0,"134":0,"135":0,"136":0,"137":0,"138":0},"f":{"0":0,"1":0,"2":0,"3":0,"4":0,"5":0,"6":0,"7":0,"8":0,"9":0,"10":0,"11":0},"b":{"0":[0,0],"1":[0,0],"2":[0,0],"3":[0,0],"4":[0,0],"5":[0,0],"6":[0,0],"7":[0,0,0,0],"8":[0,0],"9":[0,0],"10":[0,0],"11":[0,0],"12":[0,0,0,0],"13":[0,0],"14":[0,0],"15":[0],"16":[0,0],"17":[0,0],"18":[0,0],"19":[0,0,0,0],"20":[0,0],"21":[0,0],"22":[0,0]}}
,"/home/akshay/Assignments/vessify/backend/src/routes/transaction.ts": {"path":"/home/akshay/Assignments/vessify/backend/src/routes/transaction.ts","statementMap":{"0":{"start":{"line":19,"column":26},"end":{"line":19,"column":62}},"1":{"start":{"line":22,"column":20},"end":{"line":68,"column":1}},"2":{"start":{"line":23,"column":2},"end":{"line":67,"column":3}},"3":{"start":{"line":25,"column":18},"end":{"line":25,"column":22}},"4":{"start":{"line":26,"column":4},"end":{"line":30,"column":5}},"5":{"start":{"line":27,"column":6},"end":{"line":27,"column":null}},"6":{"start":{"line":33,"column":4},"end":{"line":38,"column":5}},"7":{"start":{"line":34,"column":6},"end":{"line":34,"column":null}},"8":{"start":{"line":35,"column":6},"end":{"line":35,"column":null}},"9":{"start":{"line":36,"column":6},"end":{"line":36,"column":null}},"10":{"start":{"line":37,"column":6},"end":{"line":37,"column":12}},"11":{"start":{"line":41,"column":19},"end":{"line":41,"column":44}},"12":{"start":{"line":42,"column":22},"end":{"line":42,"column":50}},"13":{"start":{"line":44,"column":4},"end":{"line":60,"column":5}},"14":{"start":{"line":47,"column":24},"end":{"line":55,"column":null}},"15":{"start":{"line":57,"column":6},"end":{"line":57,"column":null}},"16":{"start":{"line":58,"column":6},"end":{"line":58,"column":null}},"17":{"start":{"line":59,"column":6},"end":{"line":59,"column":12}},"18":{"start":{"line":63,"column":4},"end":{"line":63,"column":null}},"19":{"start":{"line":65,"column":4},"end":{"line":65,"column":null}},"20":{"start":{"line":66,"column":4},"end":{"line":66,"column":null}},"21":{"start":{"line":75,"column":0},"end":{"line":146,"column":null}},"22":{"start":{"line":82,"column":19},"end":{"line":82,"column":32}},"23":{"start":{"line":83,"column":6},"end":{"line":83,"column":null}},"24":{"start":{"line":87,"column":2},"end":{"line":145,"column":3}},"25":{"start":{"line":88,"column":17},"end":{"line":88,"column":30}},"26":{"start":{"line":89,"column":17},"end":{"line":89,"column":35}},"27":{"start":{"line":90,"column":37},"end":{"line":90,"column":41}},"28":{"start":{"line":93,"column":4},"end":{"line":95,"column":5}},"29":{"start":{"line":94,"column":6},"end":{"line":94,"column":null}},"30":{"start":{"line":97,"column":4},"end":{"line":99,"column":5}},"31":{"start":{"line":98,"column":6},"end":{"line":98,"column":null}},"32":{"start":{"line":102,"column":21},"end":{"line":102,"column":56}},"33":{"start":{"line":103,"column":22},"end":{"line":103,"column":69}},"34":{"start":{"line":103,"column":43},"end":{"line":103,"column":68}},"35":{"start":{"line":105,"column":4},"end":{"line":107,"column":5}},"36":{"start":{"line":106,"column":6},"end":{"line":106,"column":null}},"37":{"start":{"line":110,"column":19},"end":{"line":110,"column":51}},"38":{"start":{"line":113,"column":24},"end":{"line":122,"column":6}},"39":{"start":{"line":125,"column":4},"end":{"line":137,"column":null}},"40":{"start":{"line":139,"column":25},"end":{"line":139,"column":81}},"41":{"start":{"line":140,"column":4},"end":{"line":140,"column":null}},"42":{"start":{"line":141,"column":4},"end":{"line":144,"column":null}},"43":{"start":{"line":153,"column":0},"end":{"line":201,"column":null}},"44":{"start":{"line":154,"column":2},"end":{"line":200,"column":3}},"45":{"start":{"line":155,"column":17},"end":{"line":155,"column":30}},"46":{"start":{"line":158,"column":27},"end":{"line":158,"column":56}},"47":{"start":{"line":159,"column":18},"end":{"line":159,"column":60}},"48":{"start":{"line":160,"column":19},"end":{"line":160,"column":40}},"49":{"start":{"line":163,"column":4},"end":{"line":165,"column":5}},"50":{"start":{"line":164,"column":6},"end":{"line":164,"column":null}},"51":{"start":{"line":168,"column":4},"end":{"line":170,"column":5}},"52":{"start":{"line":169,"column":6},"end":{"line":169,"column":null}},"53":{"start":{"line":173,"column":21},"end":{"line":173,"column":56}},"54":{"start":{"line":174,"column":22},"end":{"line":174,"column":69}},"55":{"start":{"line":174,"column":43},"end":{"line":174,"column":68}},"56":{"start":{"line":176,"column":4},"end":{"line":178,"column":5}},"57":{"start":{"line":177,"column":6},"end":{"line":177,"column":null}},"58":{"start":{"line":181,"column":19},"end":{"line":185,"column":6}},"59":{"start":{"line":187,"column":4},"end":{"line":192,"column":null}},"60":{"start":{"line":194,"column":25},"end":{"line":194,"column":81}},"61":{"start":{"line":195,"column":4},"end":{"line":195,"column":null}},"62":{"start":{"line":196,"column":4},"end":{"line":199,"column":null}},"63":{"start":{"line":207,"column":0},"end":{"line":241,"column":null}},"64":{"start":{"line":208,"column":2},"end":{"line":240,"column":3}},"65":{"start":{"line":209,"column":17},"end":{"line":209,"column":30}},"66":{"start":{"line":210,"column":15},"end":{"line":210,"column":32}},"67":{"start":{"line":211,"column":27},"end":{"line":211,"column":56}},"68":{"start":{"line":213,"column":4},"end":{"line":215,"column":5}},"69":{"start":{"line":214,"column":6},"end":{"line":214,"column":null}},"70":{"start":{"line":218,"column":21},"end":{"line":218,"column":56}},"71":{"start":{"line":219,"column":22},"end":{"line":219,"column":69}},"72":{"start":{"line":219,"column":43},"end":{"line":219,"column":68}},"73":{"start":{"line":221,"column":4},"end":{"line":223,"column":5}},"74":{"start":{"line":222,"column":6},"end":{"line":222,"column":null}},"75":{"start":{"line":226,"column":24},"end":{"line":226,"column":68}},"76":{"start":{"line":228,"column":4},"end":{"line":230,"column":5}},"77":{"start":{"line":229,"column":6},"end":{"line":229,"column":null}},"78":{"start":{"line":232,"column":4},"end":{"line":232,"column":null}},"79":{"start":{"line":234,"column":25},"end":{"line":234,"column":81}},"80":{"start":{"line":235,"column":4},"end":{"line":235,"column":null}},"81":{"start":{"line":236,"column":4},"end":{"line":239,"column":null}}},"fnMap":{"0":{"name":"(anonymous_0)","decl":{"start":{"line":22,"column":20},"end":{"line":22,"column":25}},"loc":{"start":{"line":22,"column":105},"end":{"line":68,"column":1}}},"1":{"name":"(anonymous_1)","decl":{"start":{"line":81,"column":18},"end":{"line":81,"column":19}},"loc":{"start":{"line":81,"column":24},"end":{"line":84,"column":5}}},"2":{"name":"(anonymous_2)","decl":{"start":{"line":86,"column":2},"end":{"line":86,"column":7}},"loc":{"start":{"line":86,"column":14},"end":{"line":146,"column":1}}},"3":{"name":"(anonymous_3)","decl":{"start":{"line":103,"column":36},"end":{"line":103,"column":39}},"loc":{"start":{"line":103,"column":43},"end":{"line":103,"column":68}}},"4":{"name":"(anonymous_4)","decl":{"start":{"line":153,"column":40},"end":{"line":153,"column":45}},"loc":{"start":{"line":153,"column":52},"end":{"line":201,"column":1}}},"5":{"name":"(anonymous_5)","decl":{"start":{"line":174,"column":36},"end":{"line":174,"column":39}},"loc":{"start":{"line":174,"column":43},"end":{"line":174,"column":68}}},"6":{"name":"(anonymous_6)","decl":{"start":{"line":207,"column":43},"end":{"line":207,"column":48}},"loc":{"start":{"line":207,"column":55},"end":{"line":241,"column":1}}},"7":{"name":"(anonymous_7)","decl":{"start":{"line":219,"column":36},"end":{"line":219,"column":39}},"loc":{"start":{"line":219,"column":43},"end":{"line":219,"column":68}}}},"branchMap":{"0":{"loc":{"start":{"line":33,"column":4},"end":{"line":38,"column":5}},"type":"if","locations":[{"start":{"line":33,"column":4},"end":{"line":38,"column":5}},{"start":{},"end":{}}]},"1":{"loc":{"start":{"line":44,"column":4},"end":{"line":60,"column":5}},"type":"if","locations":[{"start":{"line":44,"column":4},"end":{"line":60,"column":5}},{"start":{},"end":{}}]},"2":{"loc":{"start":{"line":44,"column":8},"end":{"line":44,"column":27}},"type":"binary-expr","locations":[{"start":{"line":44,"column":8},"end":{"line":44,"column":14}},{"start":{"line":44,"column":18},"end":{"line":44,"column":27}}]},"3":{"loc":{"start":{"line":83,"column":27},"end":{"line":83,"column":50}},"type":"binary-expr","locations":[{"start":{"line":83,"column":27},"end":{"line":83,"column":35}},{"start":{"line":83,"column":39},"end":{"line":83,"column":50}}]},"4":{"loc":{"start":{"line":93,"column":4},"end":{"line":95,"column":5}},"type":"if","locations":[{"start":{"line":93,"column":4},"end":{"line":95,"column":5}},{"start":{},"end":{}}]},"5":{"loc":{"start":{"line":93,"column":8},"end":{"line":93,"column":41}},"type":"binary-expr","locations":[{"start":{"line":93,"column":8},"end":{"line":93,"column":13}},{"start":{"line":93,"column":17},"end":{"line":93,"column":41}}]},"6":{"loc":{"start":{"line":97,"column":4},"end":{"line":99,"column":5}},"type":"if","locations":[{"start":{"line":97,"column":4},"end":{"line":99,"column":5}},{"start":{},"end":{}}]},"7":{"loc":{"start":{"line":97,"column":8},"end":{"line":97,"column":61}},"type":"binary-expr","locations":[{"start":{"line":97,"column":8},"end":{"line":97,"column":23}},{"start":{"line":97,"column":27},"end":{"line":97,"column":61}}]},"8":{"loc":{"start":{"line":105,"column":4},"end":{"line":107,"column":5}},"type":"if","locations":[{"start":{"line":105,"column":4},"end":{"line":107,"column":5}},{"start":{},"end":{}}]},"9":{"loc":{"start":{"line":139,"column":25},"end":{"line":139,"column":81}},"type":"cond-expr","locations":[{"start":{"line":139,"column":50},"end":{"line":139,"column":63}},{"start":{"line":139,"column":66},"end":{"line":139,"column":81}}]},"10":{"loc":{"start":{"line":159,"column":27},"end":{"line":159,"column":55}},"type":"binary-expr","locations":[{"start":{"line":159,"column":27},"end":{"line":159,"column":47}},{"start":{"line":159,"column":51},"end":{"line":159,"column":55}}]},"11":{"loc":{"start":{"line":163,"column":4},"end":{"line":165,"column":5}},"type":"if","locations":[{"start":{"line":163,"column":4},"end":{"line":165,"column":5}},{"start":{},"end":{}}]},"12":{"loc":{"start":{"line":163,"column":8},"end":{"line":163,"column":32}},"type":"binary-expr","locations":[{"start":{"line":163,"column":8},"end":{"line":163,"column":17}},{"start":{"line":163,"column":21},"end":{"line":163,"column":32}}]},"13":{"loc":{"start":{"line":168,"column":4},"end":{"line":170,"column":5}},"type":"if","locations":[{"start":{"line":168,"column":4},"end":{"line":170,"column":5}},{"start":{},"end":{}}]},"14":{"loc":{"start":{"line":176,"column":4},"end":{"line":178,"column":5}},"type":"if","locations":[{"start":{"line":176,"column":4},"end":{"line":178,"column":5}},{"start":{},"end":{}}]},"15":{"loc":{"start":{"line":184,"column":14},"end":{"line":184,"column":33}},"type":"binary-expr","locations":[{"start":{"line":184,"column":14},"end":{"line":184,"column":20}},{"start":{"line":184,"column":24},"end":{"line":184,"column":33}}]},"16":{"loc":{"start":{"line":194,"column":25},"end":{"line":194,"column":81}},"type":"cond-expr","locations":[{"start":{"line":194,"column":50},"end":{"line":194,"column":63}},{"start":{"line":194,"column":66},"end":{"line":194,"column":81}}]},"17":{"loc":{"start":{"line":213,"column":4},"end":{"line":215,"column":5}},"type":"if","locations":[{"start":{"line":213,"column":4},"end":{"line":215,"column":5}},{"start":{},"end":{}}]},"18":{"loc":{"start":{"line":221,"column":4},"end":{"line":223,"column":5}},"type":"if","locations":[{"start":{"line":221,"column":4},"end":{"line":223,"column":5}},{"start":{},"end":{}}]},"19":{"loc":{"start":{"line":228,"column":4},"end":{"line":230,"column":5}},"type":"if","locations":[{"start":{"line":228,"column":4},"end":{"line":230,"column":5}},{"start":{},"end":{}}]},"20":{"loc":{"start":{"line":234,"column":25},"end":{"line":234,"column":81}},"type":"cond-expr","locations":[{"start":{"line":234,"column":50},"end":{"line":234,"column":63}},{"start":{"line":234,"column":66},"end":{"line":234,"column":81}}]}},"s":{"0":0,"1":0,"2":0,"3":0,"4":0,"5":0,"6":0,"7":0,"8":0,"9":0,"10":0,"11":0,"12":0,"13":0,"14":0,"15":0,"16":0,"17":0,"18":0,"19":0,"20":0,"21":0,"22":0,"23":0,"24":0,"25":0,"26":0,"27":0,"28":0,"29":0,"30":0,"31":0,"32":0,"33":0,"34":0,"35":0,"36":0,"37":0,"38":0,"39":0,"40":0,"41":0,"42":0,"43":0,"44":0,"45":0,"46":0,"47":0,"48":0,"49":0,"50":0,"51":0,"52":0,"53":0,"54":0,"55":0,"56":0,"57":0,"58":0,"59":0,"60":0,"61":0,"62":0,"63":0,"64":0,"65":0,"66":0,"67":0,"68":0,"69":0,"70":0,"71":0,"72":0,"73":0,"74":0,"75":0,"76":0,"77":0,"78":0,"79":0,"80":0,"81":0},"f":{"0":0,"1":0,"2":0,"3":0,"4":0,"5":0,"6":0,"7":0},"b":{"0":[0,0],"1":[0,0],"2":[0,0],"3":[0,0],"4":[0,0],"5":[0,0],"6":[0,0],"7":[0,0],"8":[0,0],"9":[0,0],"10":[0,0],"11":[0,0],"12":[0,0],"13":[0,0],"14":[0,0],"15":[0,0],"16":[0,0],"17":[0,0],"18":[0,0],"19":[0,0],"20":[0,0]}}
}
