TN:
SF:src/index.ts
FN:37,(anonymous_0)
FN:41,(anonymous_1)
FNF:2
FNH:0
FNDA:0,(anonymous_0)
FNDA:0,(anonymous_1)
DA:12,0
DA:13,0
DA:16,0
DA:19,0
DA:27,0
DA:33,0
DA:34,0
DA:35,0
DA:37,0
DA:38,0
DA:41,0
DA:42,0
DA:43,0
DA:46,0
DA:51,0
LF:15
LH:0
BRDA:12,0,0,0
BRDA:12,0,1,0
BRF:2
BRH:0
end_of_record
TN:
SF:src/lib/auth.ts
FN:24,(anonymous_0)
FN:30,(anonymous_1)
FNF:2
FNH:1
FNDA:0,(anonymous_0)
FNDA:12,(anonymous_1)
DA:7,1
DA:8,0
DA:10,1
DA:11,0
DA:13,1
DA:14,0
DA:17,1
DA:26,0
DA:32,12
LF:9
LH:5
BRDA:7,0,0,0
BRDA:7,0,1,1
BRDA:10,1,0,0
BRDA:10,1,1,1
BRDA:13,2,0,0
BRDA:13,2,1,1
BRF:6
BRH:3
end_of_record
TN:
SF:src/lib/bedrock.ts
FN:29,extractTransactionWithBedrock
FN:164,isBedrockConfigured
FNF:2
FNH:2
FNDA:6,extractTransactionWithBedrock
FNDA:6,isBedrockConfigured
DA:8,1
DA:32,6
DA:34,6
DA:76,6
DA:78,6
DA:90,6
DA:98,6
DA:99,6
DA:102,6
DA:106,6
DA:108,6
DA:111,6
DA:112,6
DA:113,6
DA:116,0
DA:117,0
DA:118,0
DA:120,0
DA:126,6
DA:145,6
DA:147,0
DA:150,0
DA:165,6
LF:23
LH:17
BRDA:9,0,0,1
BRDA:9,0,1,0
BRDA:11,1,0,1
BRDA:11,1,1,0
BRDA:12,2,0,1
BRDA:12,2,1,0
BRDA:112,3,0,6
BRDA:112,3,1,0
BRDA:117,4,0,0
BRDA:117,4,1,0
BRDA:128,5,0,5
BRDA:128,5,1,1
BRDA:128,6,0,6
BRDA:128,6,1,5
BRDA:131,7,0,6
BRDA:131,7,1,4
BRDA:132,8,0,6
BRDA:132,8,1,0
BRDA:135,9,0,6
BRDA:135,9,1,2
BRDA:137,10,0,6
BRDA:137,10,1,0
BRDA:137,11,0,6
BRDA:137,11,1,6
BRDA:137,11,2,6
BRDA:156,12,0,0
BRDA:156,12,1,0
BRDA:166,13,0,6
BRDA:166,13,1,6
BRDA:166,13,2,6
BRF:30
BRH:20
end_of_record
TN:
SF:src/lib/db.ts
FNF:0
FNH:0
DA:7,3
DA:10,3
DA:11,0
DA:15,3
DA:18,3
LF:5
LH:4
BRDA:10,0,0,0
BRDA:10,0,1,3
BRDA:20,1,0,0
BRDA:20,1,1,3
BRF:4
BRH:2
end_of_record
TN:
SF:src/lib/email.ts
FN:35,sendEmail
FN:82,sendVerificationEmail
FNF:2
FNH:2
FNDA:12,sendEmail
FNDA:12,sendVerificationEmail
DA:4,1
DA:5,0
DA:7,1
DA:8,0
DA:10,1
DA:11,0
DA:15,1
DA:36,12
DA:37,0
DA:40,12
DA:65,12
DA:66,12
DA:67,12
DA:68,12
DA:69,12
DA:71,0
DA:72,0
DA:88,12
DA:90,12
DA:117,12
DA:128,12
LF:21
LH:15
BRDA:4,0,0,0
BRDA:4,0,1,1
BRDA:7,1,0,0
BRDA:7,1,1,1
BRDA:10,2,0,0
BRDA:10,2,1,1
BRDA:36,3,0,0
BRDA:36,3,1,12
BRDA:55,4,0,12
BRDA:55,4,1,12
BRF:10
BRH:6
end_of_record
TN:
SF:src/lib/organization.ts
FN:8,createOrganization
FN:53,addUserToOrganization
FN:85,removeUserFromOrganization
FN:104,updateUserRole
FN:139,getUserOrganizations
FN:152,(anonymous_5)
FN:161,getOrganizationMembers
FN:188,hasOrganizationAccess
FN:207,hasOrganizationRole
FN:232,getOrganizationBySlug
FN:257,getOrganizationById
FN:282,updateOrganization
FN:302,deleteOrganization
FNF:13
FNH:12
FNDA:30,createOrganization
FNDA:17,addUserToOrganization
FNDA:1,removeUserFromOrganization
FNDA:2,updateUserRole
FNDA:2,getUserOrganizations
FNDA:17,(anonymous_5)
FNDA:2,getOrganizationMembers
FNDA:0,hasOrganizationAccess
FNDA:15,hasOrganizationRole
FNDA:1,getOrganizationBySlug
FNDA:3,getOrganizationById
FNDA:4,updateOrganization
FNDA:2,deleteOrganization
DA:15,30
DA:18,30
DA:47,29
DA:58,17
DA:60,17
DA:79,16
DA:89,1
DA:91,1
DA:109,2
DA:111,2
DA:133,2
DA:140,2
DA:152,17
DA:162,2
DA:182,2
DA:192,0
DA:201,0
DA:212,15
DA:221,15
DA:224,14
DA:226,14
DA:233,1
DA:251,1
DA:258,3
DA:276,3
DA:289,4
DA:291,4
DA:296,3
DA:303,2
LF:29
LH:27
BRDA:58,0,0,0
BRDA:221,1,0,1
BRDA:221,1,1,14
BRF:3
BRH:2
end_of_record
TN:
SF:src/lib/transaction.ts
FN:19,parseTransactionText
FN:61,parseTransactionTextWithRegex
FN:131,(anonymous_2)
FN:167,(anonymous_3)
FN:190,createTransaction
FN:208,getTransactions
FN:246,getTransactionById
FNF:7
FNH:4
FNDA:6,parseTransactionText
FNDA:0,parseTransactionTextWithRegex
FNDA:0,(anonymous_2)
FNDA:0,(anonymous_3)
FNDA:19,createTransaction
FNDA:6,getTransactions
FNDA:3,getTransactionById
DA:23,6
DA:24,6
DA:25,6
DA:28,6
DA:29,6
DA:30,2
DA:31,2
DA:32,2
DA:33,0
DA:36,0
DA:40,6
DA:48,0
DA:54,0
DA:62,0
DA:63,0
DA:66,0
DA:67,0
DA:75,0
DA:76,0
DA:77,0
DA:78,0
DA:79,0
DA:80,0
DA:81,0
DA:86,0
DA:87,0
DA:95,0
DA:96,0
DA:97,0
DA:98,0
DA:99,0
DA:101,0
DA:103,0
DA:106,0
DA:108,0
DA:110,0
DA:113,0
DA:116,0
DA:117,0
DA:118,0
DA:119,0
DA:121,0
DA:124,0
DA:130,0
DA:131,0
DA:134,0
DA:135,0
DA:137,0
DA:140,0
DA:141,0
DA:142,0
DA:143,0
DA:147,0
DA:148,0
DA:149,0
DA:150,0
DA:154,0
DA:155,0
DA:165,0
DA:166,0
DA:167,0
DA:168,0
DA:169,0
DA:170,0
DA:171,0
DA:176,0
DA:178,0
DA:200,19
DA:213,6
DA:214,6
DA:216,6
DA:232,6
DA:233,6
DA:234,6
DA:236,6
DA:247,3
LF:76
LH:18
BRDA:23,0,0,6
BRDA:23,0,1,0
BRDA:29,1,0,2
BRDA:29,1,1,4
BRDA:32,2,0,0
BRDA:32,2,1,2
BRDA:77,3,0,0
BRDA:77,3,1,0
BRDA:97,4,0,0
BRDA:97,4,1,0
BRDA:99,5,0,0
BRDA:99,5,1,0
BRDA:99,6,0,0
BRDA:99,6,1,0
BRDA:101,7,0,0
BRDA:101,7,1,0
BRDA:101,8,0,0
BRDA:101,8,1,0
BRDA:108,9,0,0
BRDA:108,9,1,0
BRDA:116,10,0,0
BRDA:116,10,1,0
BRDA:137,11,0,0
BRDA:137,11,1,0
BRDA:147,12,0,0
BRDA:147,12,1,0
BRDA:147,13,0,0
BRDA:147,13,1,0
BRDA:167,14,0,0
BRDA:167,14,1,0
BRDA:176,15,0,0
BRDA:176,15,1,0
BRDA:213,16,0,6
BRDA:213,16,1,0
BRDA:221,17,0,6
BRDA:221,17,1,1
BRDA:233,18,0,2
BRDA:233,18,1,4
BRDA:234,19,0,2
BRDA:234,19,1,4
BRF:40
BRH:11
end_of_record
TN:
SF:src/middleware/rateLimit.ts
FN:24,rateLimit
FN:28,(anonymous_1)
FN:43,(anonymous_2)
FN:117,cleanupExpiredEntries
FN:157,clearRateLimitStore
FN:164,getRateLimitStatus
FNF:6
FNH:5
FNDA:6,rateLimit
FNDA:17,(anonymous_1)
FNDA:18,(anonymous_2)
FNDA:1,cleanupExpiredEntries
FNDA:12,clearRateLimitStore
FNDA:0,getRateLimitStatus
DA:10,1
DA:30,17
DA:31,17
DA:34,13
DA:35,13
DA:36,13
DA:37,13
DA:41,6
DA:43,6
DA:44,18
DA:45,18
DA:48,18
DA:49,1
DA:53,18
DA:56,18
DA:57,8
DA:61,8
DA:65,18
DA:66,1
DA:68,1
DA:85,17
DA:86,17
DA:90,17
DA:91,17
DA:92,17
DA:93,17
DA:96,17
DA:99,17
DA:100,0
DA:101,0
DA:102,0
DA:104,0
DA:108,0
DA:118,1
DA:119,1
DA:120,0
DA:128,1
DA:158,12
DA:165,0
LF:39
LH:32
BRDA:28,0,0,5
BRDA:31,1,0,4
BRDA:31,1,1,13
BRDA:36,2,0,13
BRDA:36,2,1,0
BRDA:36,2,2,0
BRDA:39,3,0,6
BRDA:40,4,0,6
BRDA:48,5,0,1
BRDA:48,5,1,17
BRDA:56,6,0,8
BRDA:56,6,1,10
BRDA:56,7,0,18
BRDA:56,7,1,11
BRDA:65,8,0,1
BRDA:65,8,1,17
BRDA:85,9,0,17
BRDA:85,9,1,0
BRDA:85,10,0,17
BRDA:85,10,1,17
BRDA:99,11,0,0
BRDA:99,11,1,17
BRDA:99,12,0,17
BRDA:99,12,1,17
BRDA:101,13,0,0
BRDA:101,13,1,0
BRDA:104,14,0,0
BRDA:104,14,1,0
BRDA:105,15,0,0
BRDA:105,15,1,0
BRDA:105,15,2,0
BRDA:105,15,3,0
BRDA:119,16,0,0
BRDA:119,16,1,1
BRDA:165,17,0,0
BRDA:165,17,1,0
BRF:36
BRH:21
end_of_record
TN:
SF:src/routes/auth.ts
FN:11,(anonymous_0)
FN:22,(anonymous_1)
FNF:2
FNH:0
FNDA:0,(anonymous_0)
FNDA:0,(anonymous_1)
DA:5,0
DA:8,0
DA:13,0
DA:14,0
DA:15,0
DA:16,0
DA:22,0
DA:23,0
LF:8
LH:0
BRDA:15,0,0,0
BRDA:15,0,1,0
BRDA:15,0,2,0
BRF:3
BRH:0
end_of_record
TN:
SF:src/routes/organization.ts
FN:28,(anonymous_0)
FN:82,(anonymous_1)
FN:87,(anonymous_2)
FN:115,(anonymous_3)
FN:127,(anonymous_4)
FN:144,(anonymous_5)
FN:161,(anonymous_6)
FN:193,(anonymous_7)
FN:213,(anonymous_8)
FN:233,(anonymous_9)
FN:266,(anonymous_10)
FN:297,(anonymous_11)
FNF:12
FNH:0
FNDA:0,(anonymous_0)
FNDA:0,(anonymous_1)
FNDA:0,(anonymous_2)
FNDA:0,(anonymous_3)
FNDA:0,(anonymous_4)
FNDA:0,(anonymous_5)
FNDA:0,(anonymous_6)
FNDA:0,(anonymous_7)
FNDA:0,(anonymous_8)
FNDA:0,(anonymous_9)
FNDA:0,(anonymous_10)
FNDA:0,(anonymous_11)
DA:25,0
DA:28,0
DA:29,0
DA:31,0
DA:32,0
DA:33,0
DA:39,0
DA:40,0
DA:41,0
DA:42,0
DA:43,0
DA:47,0
DA:48,0
DA:50,0
DA:52,0
DA:62,0
DA:63,0
DA:64,0
DA:68,0
DA:70,0
DA:71,0
DA:76,0
DA:83,0
DA:84,0
DA:88,0
DA:89,0
DA:90,0
DA:92,0
DA:93,0
DA:96,0
DA:104,0
DA:106,0
DA:107,0
DA:109,0
DA:110,0
DA:115,0
DA:116,0
DA:117,0
DA:118,0
DA:119,0
DA:121,0
DA:122,0
DA:127,0
DA:128,0
DA:129,0
DA:130,0
DA:132,0
DA:133,0
DA:136,0
DA:138,0
DA:139,0
DA:144,0
DA:145,0
DA:146,0
DA:147,0
DA:149,0
DA:150,0
DA:153,0
DA:155,0
DA:156,0
DA:161,0
DA:162,0
DA:163,0
DA:164,0
DA:167,0
DA:168,0
DA:169,0
DA:172,0
DA:174,0
DA:182,0
DA:184,0
DA:185,0
DA:187,0
DA:188,0
DA:193,0
DA:194,0
DA:195,0
DA:196,0
DA:199,0
DA:200,0
DA:201,0
DA:204,0
DA:205,0
DA:207,0
DA:208,0
DA:213,0
DA:214,0
DA:215,0
DA:216,0
DA:219,0
DA:220,0
DA:221,0
DA:224,0
DA:225,0
DA:227,0
DA:228,0
DA:233,0
DA:234,0
DA:235,0
DA:236,0
DA:237,0
DA:239,0
DA:240,0
DA:244,0
DA:245,0
DA:246,0
DA:249,0
DA:255,0
DA:257,0
DA:258,0
DA:260,0
DA:261,0
DA:266,0
DA:267,0
DA:268,0
DA:269,0
DA:270,0
DA:271,0
DA:273,0
DA:274,0
DA:278,0
DA:279,0
DA:280,0
DA:283,0
DA:289,0
DA:291,0
DA:292,0
DA:297,0
DA:298,0
DA:299,0
DA:300,0
DA:301,0
DA:304,0
DA:305,0
DA:306,0
DA:309,0
DA:314,0
DA:316,0
DA:317,0
LF:139
LH:0
BRDA:39,0,0,0
BRDA:39,0,1,0
BRDA:50,1,0,0
BRDA:50,1,1,0
BRDA:50,2,0,0
BRDA:50,2,1,0
BRDA:84,3,0,0
BRDA:84,3,1,0
BRDA:92,4,0,0
BRDA:92,4,1,0
BRDA:92,5,0,0
BRDA:92,5,1,0
BRDA:106,6,0,0
BRDA:106,6,1,0
BRDA:106,7,0,0
BRDA:106,7,1,0
BRDA:106,7,2,0
BRDA:106,7,3,0
BRDA:132,8,0,0
BRDA:132,8,1,0
BRDA:149,9,0,0
BRDA:149,9,1,0
BRDA:168,10,0,0
BRDA:168,10,1,0
BRDA:184,11,0,0
BRDA:184,11,1,0
BRDA:184,12,0,0
BRDA:184,12,1,0
BRDA:184,12,2,0
BRDA:184,12,3,0
BRDA:200,13,0,0
BRDA:200,13,1,0
BRDA:220,14,0,0
BRDA:220,14,1,0
BRDA:237,15,0,0
BRDA:239,16,0,0
BRDA:239,16,1,0
BRDA:245,17,0,0
BRDA:245,17,1,0
BRDA:257,18,0,0
BRDA:257,18,1,0
BRDA:257,19,0,0
BRDA:257,19,1,0
BRDA:257,19,2,0
BRDA:257,19,3,0
BRDA:273,20,0,0
BRDA:273,20,1,0
BRDA:279,21,0,0
BRDA:279,21,1,0
BRDA:305,22,0,0
BRDA:305,22,1,0
BRF:51
BRH:0
end_of_record
TN:
SF:src/routes/transaction.ts
FN:22,(anonymous_0)
FN:81,(anonymous_1)
FN:86,(anonymous_2)
FN:103,(anonymous_3)
FN:153,(anonymous_4)
FN:174,(anonymous_5)
FN:207,(anonymous_6)
FN:219,(anonymous_7)
FNF:8
FNH:0
FNDA:0,(anonymous_0)
FNDA:0,(anonymous_1)
FNDA:0,(anonymous_2)
FNDA:0,(anonymous_3)
FNDA:0,(anonymous_4)
FNDA:0,(anonymous_5)
FNDA:0,(anonymous_6)
FNDA:0,(anonymous_7)
DA:19,0
DA:22,0
DA:23,0
DA:25,0
DA:26,0
DA:27,0
DA:33,0
DA:34,0
DA:35,0
DA:36,0
DA:37,0
DA:41,0
DA:42,0
DA:44,0
DA:47,0
DA:57,0
DA:58,0
DA:59,0
DA:63,0
DA:65,0
DA:66,0
DA:75,0
DA:82,0
DA:83,0
DA:87,0
DA:88,0
DA:89,0
DA:90,0
DA:93,0
DA:94,0
DA:97,0
DA:98,0
DA:102,0
DA:103,0
DA:105,0
DA:106,0
DA:110,0
DA:113,0
DA:125,0
DA:139,0
DA:140,0
DA:141,0
DA:153,0
DA:154,0
DA:155,0
DA:158,0
DA:159,0
DA:160,0
DA:163,0
DA:164,0
DA:168,0
DA:169,0
DA:173,0
DA:174,0
DA:176,0
DA:177,0
DA:181,0
DA:187,0
DA:194,0
DA:195,0
DA:196,0
DA:207,0
DA:208,0
DA:209,0
DA:210,0
DA:211,0
DA:213,0
DA:214,0
DA:218,0
DA:219,0
DA:221,0
DA:222,0
DA:226,0
DA:228,0
DA:229,0
DA:232,0
DA:234,0
DA:235,0
DA:236,0
LF:79
LH:0
BRDA:33,0,0,0
BRDA:33,0,1,0
BRDA:44,1,0,0
BRDA:44,1,1,0
BRDA:44,2,0,0
BRDA:44,2,1,0
BRDA:83,3,0,0
BRDA:83,3,1,0
BRDA:93,4,0,0
BRDA:93,4,1,0
BRDA:93,5,0,0
BRDA:93,5,1,0
BRDA:97,6,0,0
BRDA:97,6,1,0
BRDA:97,7,0,0
BRDA:97,7,1,0
BRDA:105,8,0,0
BRDA:105,8,1,0
BRDA:139,9,0,0
BRDA:139,9,1,0
BRDA:159,10,0,0
BRDA:159,10,1,0
BRDA:163,11,0,0
BRDA:163,11,1,0
BRDA:163,12,0,0
BRDA:163,12,1,0
BRDA:168,13,0,0
BRDA:168,13,1,0
BRDA:176,14,0,0
BRDA:176,14,1,0
BRDA:184,15,0,0
BRDA:184,15,1,0
BRDA:194,16,0,0
BRDA:194,16,1,0
BRDA:213,17,0,0
BRDA:213,17,1,0
BRDA:221,18,0,0
BRDA:221,18,1,0
BRDA:228,19,0,0
BRDA:228,19,1,0
BRDA:234,20,0,0
BRDA:234,20,1,0
BRF:42
BRH:0
end_of_record
